#
# A fatal error has been detected by the Java Runtime Environment:
#
#  EXCEPTION_ACCESS_VIOLATION (0xc0000005) at pc=0x00007ffb2764337c, pid=18068, tid=0x0000000000000514
#
# JRE version: Java(TM) SE Runtime Environment (8.0_144-b01) (build 1.8.0_144-b01)
# Java VM: Java HotSpot(TM) 64-Bit Server VM (25.144-b01 mixed mode windows-amd64 compressed oops)
# Problematic frame:
# C  [multiarray.cp36-win_amd64.pyd+0xe337c]
#
# Failed to write core dump. Minidumps are not enabled by default on client versions of Windows
#
# If you would like to submit a bug report, please visit:
#   http://bugreport.java.com/bugreport/crash.jsp
# The crash happened outside the Java Virtual Machine in native code.
# See problematic frame for where to report the bug.
#

---------------  T H R E A D  ---------------

Current thread (0x000000000498a000):  JavaThread "main" [_thread_in_native, id=1300, stack(0x0000000004880000,0x0000000004980000)]

siginfo: ExceptionCode=0xc0000005, writing address 0x000000000000000a

Registers:
RAX=0x000000000000000a, RBX=0x00007ffb276a7bd0, RCX=0x000000003c489400, RDX=0x00007ffb276a7bd0
RSP=0x0000000004976a80, RBP=0x000000003c4893f0, RSI=0x000000003b1c2800, RDI=0x000000003c489400
R8 =0x0000000000000008, R9 =0x00007ffb53a10000, R10=0x000000003c489400, R11=0x0000000040bf0ec0
R12=0x000000002aa3f4e0, R13=0x0000000000000072, R14=0x000000003c489400, R15=0x000000002aa3f328
RIP=0x00007ffb2764337c, EFLAGS=0x0000000000010206

Top of Stack: (sp=0x0000000004976a80)
0x0000000004976a80:   000000006a40c5c0 000000003c4893f0
0x0000000004976a90:   00007ffb276c3120 000000003e36a248
0x0000000004976aa0:   0000f3eb9cc758a0 00007ffb27646535
0x0000000004976ab0:   0000000000000002 0000000000000000
0x0000000004976ac0:   000000003c4893f0 000000003c4893f0
0x0000000004976ad0:   0000000000000000 00007ffb276463de
0x0000000004976ae0:   00007ffb276a7bd0 000000003b1c2800
0x0000000004976af0:   0000000000000000 0000000002bba7f0
0x0000000004976b00:   0000000000000000 0000000000000000
0x0000000004976b10:   0000000000000000 0000000000000000
0x0000000004976b20:   0000000000000000 0000000000000000
0x0000000004976b30:   000000003b90be50 00007ffb2764fbcd
0x0000000004976b40:   000000003c4893f0 000000003ce91d50
0x0000000004976b50:   00000000000000d8 0000000004976c70
0x0000000004976b60:   00000000000000d8 000000006a13ac88
0x0000000004976b70:   000000003cc87778 068c5ccd17db6e37 

Instructions: (pc=0x00007ffb2764337c)
0x00007ffb2764335c:   1b 01 48 8b da 48 8b f9 0f 84 c1 00 00 00 83 7a
0x00007ffb2764336c:   1c 11 75 1a 48 8b 01 48 85 c0 0f 84 af 00 00 00
0x00007ffb2764337c:   48 ff 00 48 8b 5c 24 60 48 83 c4 50 5f c3 48 83
0x00007ffb2764338c:   7a 38 00 0f 84 96 00 00 00 48 8b 4b 30 4c 8d 4c 


Register to memory mapping:

RAX=0x000000000000000a is an unknown value
RBX=0x00007ffb276a7bd0 is an unknown value
RCX=0x000000003c489400 is an unknown value
RDX=0x00007ffb276a7bd0 is an unknown value
RSP=0x0000000004976a80 is pointing into the stack for thread: 0x000000000498a000
RBP=0x000000003c4893f0 is an unknown value
RSI=0x000000003b1c2800 is an unknown value
RDI=0x000000003c489400 is an unknown value
R8 =0x0000000000000008 is an unknown value
R9 =0x00007ffb53a10000 is an unknown value
R10=0x000000003c489400 is an unknown value
R11=0x0000000040bf0ec0 is an unknown value
R12=0x000000002aa3f4e0 is an unknown value
R13=0x0000000000000072 is an unknown value
R14=0x000000003c489400 is an unknown value
R15=0x000000002aa3f328 is an unknown value


Stack: [0x0000000004880000,0x0000000004980000],  sp=0x0000000004976a80,  free space=986k
Native frames: (J=compiled Java code, j=interpreted, Vv=VM code, C=native code)
C  [multiarray.cp36-win_amd64.pyd+0xe337c]
C  [multiarray.cp36-win_amd64.pyd+0xe63de]
C  [multiarray.cp36-win_amd64.pyd+0xefbcd]
C  [python36.dll+0x1ac88]
C  [python36.dll+0x3a6ce]
C  [python36.dll+0x18979]
C  [python36.dll+0x39eea]
C  [python36.dll+0xbf79]
C  [python36.dll+0xbaac]
C  [python36.dll+0xf9f9]
C  [python36.dll+0x54c0d]
C  [python36.dll+0x1a7a0]
C  [python36.dll+0x3b35b]
C  [python36.dll+0x3a95f]
C  [python36.dll+0x18979]
C  [python36.dll+0x3b35b]
C  [python36.dll+0x39fb0]
C  [python36.dll+0xbf79]
C  [python36.dll+0xbaac]
C  [python36.dll+0xf955]
C  [python36.dll+0x1b74c]
C  [python36.dll+0x3b35b]
C  [python36.dll+0x6da5]
C  [python36.dll+0x6c87]
C  [python36.dll+0x1bb62]
C  [python36.dll+0x3b35b]
C  [python36.dll+0x3a95f]
C  [python36.dll+0x18979]
C  [python36.dll+0x3a6ce]
C  [python36.dll+0x18979]
C  [python36.dll+0x3a6ce]
C  [python36.dll+0x18979]
C  [python36.dll+0x3a6ce]
C  [python36.dll+0x18979]
C  [python36.dll+0x39eea]
C  [python36.dll+0xbf79]
C  [python36.dll+0xbaac]
C  [python36.dll+0xf9f9]
C  [python36.dll+0x54c0d]
C  [python36.dll+0x1a7a0]
C  [python36.dll+0x3b35b]
C  [python36.dll+0x3a95f]
C  [python36.dll+0x18979]
C  [python36.dll+0x3a6ce]
C  [python36.dll+0x18979]
C  [python36.dll+0x39eea]
C  [python36.dll+0xbf79]
C  [python36.dll+0xbaac]
C  [python36.dll+0xf9f9]
C  [python36.dll+0x1b74c]
C  [python36.dll+0x3b35b]
C  [python36.dll+0x6da5]
C  [python36.dll+0x6c87]
C  [python36.dll+0x1bb62]
C  [python36.dll+0x3b35b]
C  [python36.dll+0x3a95f]
C  [python36.dll+0x18979]
C  [python36.dll+0x3a6ce]
C  [python36.dll+0x18979]
C  [python36.dll+0x3a6ce]
C  [python36.dll+0x18979]
C  [python36.dll+0x3a6ce]
C  [python36.dll+0x18979]
C  [python36.dll+0x39eea]
C  [python36.dll+0xbf79]
C  [python36.dll+0xbaac]
C  [python36.dll+0xf9f9]
C  [python36.dll+0x1b74c]
C  [python36.dll+0x3b35b]
C  [python36.dll+0x6da5]
C  [python36.dll+0x6c87]
C  [python36.dll+0x1bb62]
C  [python36.dll+0x3b35b]
C  [python36.dll+0x3a95f]
C  [python36.dll+0x18979]
C  [python36.dll+0x3a6ce]
C  [python36.dll+0x18979]
C  [python36.dll+0x3a6ce]
C  [python36.dll+0x18979]
C  [python36.dll+0x3a6ce]
C  [python36.dll+0x18979]
C  [python36.dll+0x39eea]
C  [python36.dll+0xbf79]
C  [python36.dll+0xbaac]
C  [python36.dll+0xf9f9]
C  [python36.dll+0x1b74c]
C  [python36.dll+0x3b35b]
C  [python36.dll+0x6da5]
C  [python36.dll+0x6c87]
C  [python36.dll+0x1bb62]
C  [python36.dll+0x3b35b]
C  [python36.dll+0x3a95f]
C  [python36.dll+0x18979]
C  [python36.dll+0x3a6ce]
C  [python36.dll+0x18979]
C  [python36.dll+0x3a6ce]
C  [python36.dll+0x18979]
C  [python36.dll+0x3a6ce]
C  [python36.dll+0x18979]
...<more frames>...

Java frames: (J=compiled Java code, j=interpreted, Vv=VM code)
j  jep.Jep.run(JLjava/lang/String;)V+0
j  jep.Jep.runScript(Ljava/lang/String;Ljava/lang/ClassLoader;)V+82
j  jep.Jep.runScript(Ljava/lang/String;)V+3
j  eu.city4age.dashboard.api.service.JythonServiceTest.testJepMonotonicityNui()V+6
v  ~StubRoutines::call_stub
J 1470  sun.reflect.NativeMethodAccessorImpl.invoke0(Ljava/lang/reflect/Method;Ljava/lang/Object;[Ljava/lang/Object;)Ljava/lang/Object; (0 bytes) @ 0x0000000004faa07f [0x0000000004faa000+0x7f]
J 1469 C1 sun.reflect.NativeMethodAccessorImpl.invoke(Ljava/lang/Object;[Ljava/lang/Object;)Ljava/lang/Object; (104 bytes) @ 0x0000000004facabc [0x0000000004fab8c0+0x11fc]
J 3593 C2 java.lang.reflect.Method.invoke(Ljava/lang/Object;[Ljava/lang/Object;)Ljava/lang/Object; (62 bytes) @ 0x0000000005721a88 [0x00000000057219e0+0xa8]
j  org.junit.runners.model.FrameworkMethod$1.runReflectiveCall()Ljava/lang/Object;+15
j  org.junit.internal.runners.model.ReflectiveCallable.run()Ljava/lang/Object;+1
j  org.junit.runners.model.FrameworkMethod.invokeExplosively(Ljava/lang/Object;[Ljava/lang/Object;)Ljava/lang/Object;+10
j  org.junit.internal.runners.statements.InvokeMethod.evaluate()V+12
j  org.junit.internal.runners.statements.RunBefores.evaluate()V+49
j  org.junit.internal.runners.statements.RunAfters.evaluate()V+12
j  org.junit.runners.ParentRunner.runLeaf(Lorg/junit/runners/model/Statement;Lorg/junit/runner/Description;Lorg/junit/runner/notification/RunNotifier;)V+17
j  org.junit.runners.BlockJUnit4ClassRunner.runChild(Lorg/junit/runners/model/FrameworkMethod;Lorg/junit/runner/notification/RunNotifier;)V+30
j  org.junit.runners.BlockJUnit4ClassRunner.runChild(Ljava/lang/Object;Lorg/junit/runner/notification/RunNotifier;)V+6
j  org.junit.runners.ParentRunner$3.run()V+12
j  org.junit.runners.ParentRunner$1.schedule(Ljava/lang/Runnable;)V+1
j  org.junit.runners.ParentRunner.runChildren(Lorg/junit/runner/notification/RunNotifier;)V+44
j  org.junit.runners.ParentRunner.access$000(Lorg/junit/runners/ParentRunner;Lorg/junit/runner/notification/RunNotifier;)V+2
j  org.junit.runners.ParentRunner$2.evaluate()V+8
j  org.junit.runners.ParentRunner.run(Lorg/junit/runner/notification/RunNotifier;)V+20
j  org.mockito.internal.runners.JUnit45AndHigherRunnerImpl.run(Lorg/junit/runner/notification/RunNotifier;)V+17
j  org.mockito.runners.MockitoJUnitRunner.run(Lorg/junit/runner/notification/RunNotifier;)V+5
j  org.eclipse.jdt.internal.junit4.runner.JUnit4TestReference.run(Lorg/eclipse/jdt/internal/junit/runner/TestExecution;)V+72
j  org.eclipse.jdt.internal.junit.runner.TestExecution.run([Lorg/eclipse/jdt/internal/junit/runner/ITestReference;)V+17
j  org.eclipse.jdt.internal.junit.runner.RemoteTestRunner.runTests([Ljava/lang/String;Ljava/lang/String;Lorg/eclipse/jdt/internal/junit/runner/TestExecution;)V+62
j  org.eclipse.jdt.internal.junit.runner.RemoteTestRunner.runTests(Lorg/eclipse/jdt/internal/junit/runner/TestExecution;)V+10
j  org.eclipse.jdt.internal.junit.runner.RemoteTestRunner.run()V+70
j  org.eclipse.jdt.internal.junit.runner.RemoteTestRunner.main([Ljava/lang/String;)V+10
v  ~StubRoutines::call_stub

---------------  P R O C E S S  ---------------

Java Threads: ( => current thread )
  0x00000000245e2000 JavaThread "Thread-21" daemon [_thread_blocked, id=13412, stack(0x000000002b0a0000,0x000000002b1a0000)]
  0x000000002037c000 JavaThread "ReaderThread" [_thread_in_native, id=1444, stack(0x00000000206e0000,0x00000000207e0000)]
  0x000000001f91a000 JavaThread "Service Thread" daemon [_thread_blocked, id=8252, stack(0x000000001fce0000,0x000000001fde0000)]
  0x000000001e06c800 JavaThread "C1 CompilerThread2" daemon [_thread_blocked, id=7048, stack(0x000000001f7e0000,0x000000001f8e0000)]
  0x000000001e065800 JavaThread "C2 CompilerThread1" daemon [_thread_blocked, id=10828, stack(0x000000001f6e0000,0x000000001f7e0000)]
  0x000000001e063000 JavaThread "C2 CompilerThread0" daemon [_thread_blocked, id=16588, stack(0x000000001f5e0000,0x000000001f6e0000)]
  0x000000001e061800 JavaThread "Attach Listener" daemon [_thread_blocked, id=6504, stack(0x000000001f4e0000,0x000000001f5e0000)]
  0x000000001e060800 JavaThread "Signal Dispatcher" daemon [_thread_blocked, id=15892, stack(0x000000001f3e0000,0x000000001f4e0000)]
  0x0000000004a7e800 JavaThread "Finalizer" daemon [_thread_blocked, id=12056, stack(0x000000001f2b0000,0x000000001f3b0000)]
  0x0000000004a78800 JavaThread "Reference Handler" daemon [_thread_blocked, id=10624, stack(0x000000001f1b0000,0x000000001f2b0000)]
=>0x000000000498a000 JavaThread "main" [_thread_in_native, id=1300, stack(0x0000000004880000,0x0000000004980000)]

Other Threads:
  0x000000001e018000 VMThread [stack: 0x000000001f0b0000,0x000000001f1b0000] [id=2308]
  0x000000001f9a7800 WatcherThread [stack: 0x000000001fde0000,0x000000001fee0000] [id=4916]

VM state:not at safepoint (normal execution)

VM Mutex/Monitor currently owned by a thread: None

Heap:
 PSYoungGen      total 219648K, used 174593K [0x000000076b400000, 0x000000077ab00000, 0x00000007c0000000)
  eden space 211968K, 78% used [0x000000076b400000,0x000000077571a550,0x0000000778300000)
  from space 7680K, 98% used [0x0000000778900000,0x0000000779066138,0x0000000779080000)
  to   space 20480K, 0% used [0x0000000779700000,0x0000000779700000,0x000000077ab00000)
 ParOldGen       total 172032K, used 44396K [0x00000006c1c00000, 0x00000006cc400000, 0x000000076b400000)
  object space 172032K, 25% used [0x00000006c1c00000,0x00000006c475b010,0x00000006cc400000)
 Metaspace       used 52649K, capacity 54336K, committed 54568K, reserved 1097728K
  class space    used 6509K, capacity 6852K, committed 6952K, reserved 1048576K

Card table byte_map: [0x0000000013e40000,0x0000000014640000] byte_map_base: 0x0000000010832000

Marking Bits: (ParMarkBitMap*) 0x0000000069cbd850
 Begin Bits: [0x0000000014f90000, 0x0000000018f20000)
 End Bits:   [0x0000000018f20000, 0x000000001ceb0000)

Polling page: 0x0000000002a20000

CodeCache: size=245760Kb used=39697Kb max_used=39763Kb free=206062Kb
 bounds [0x0000000004a80000, 0x00000000071c0000, 0x0000000013a80000]
 total_blobs=10092 nmethods=9588 adapters=415
 compilation: enabled

Compilation events (10 events):
Event: 179.033 Thread 0x000000001e065800 11800       4       java.lang.reflect.Method::isDefault (28 bytes)
Event: 179.033 Thread 0x000000001e06c800 11801       1       java.lang.Class$MethodArray::get (7 bytes)
Event: 179.034 Thread 0x000000001e06c800 nmethod 11801 0x0000000005cd3d90 code [0x0000000005cd3ee0, 0x0000000005cd4010]
Event: 179.034 Thread 0x000000001e06c800 11802       3       java.lang.Class$MethodArray::addAllIfNotPresent (32 bytes)
Event: 179.034 Thread 0x000000001e06c800 nmethod 11802 0x0000000005c3f7d0 code [0x0000000005c3f960, 0x0000000005c3fca8]
Event: 179.034 Thread 0x000000001e065800 nmethod 11800 0x0000000005cd3b10 code [0x0000000005cd3c40, 0x0000000005cd3cf8]
Event: 179.046 Thread 0x000000001e06c800 11803       3       java.lang.Class$MethodArray::addAll (22 bytes)
Event: 179.046 Thread 0x000000001e06c800 nmethod 11803 0x0000000005cd57d0 code [0x0000000005cd5940, 0x0000000005cd5ba8]
Event: 179.781 Thread 0x000000001e06c800 11804       3       jep.ClassList::isJavaPackage (32 bytes)
Event: 179.781 Thread 0x000000001e06c800 nmethod 11804 0x0000000005a7dc50 code [0x0000000005a7dde0, 0x0000000005a7e178]

GC Heap History (10 events):
Event: 145.862 GC heap before
{Heap before GC invocations=27 (full 2):
 PSYoungGen      total 259584K, used 254638K [0x000000076b400000, 0x000000077cf80000, 0x00000007c0000000)
  eden space 245248K, 100% used [0x000000076b400000,0x000000077a380000,0x000000077a380000)
  from space 14336K, 65% used [0x000000077c180000,0x000000077caaba80,0x000000077cf80000)
  to   space 22528K, 0% used [0x000000077a380000,0x000000077a380000,0x000000077b980000)
 ParOldGen       total 172032K, used 42452K [0x00000006c1c00000, 0x00000006cc400000, 0x000000076b400000)
  object space 172032K, 24% used [0x00000006c1c00000,0x00000006c4575290,0x00000006cc400000)
 Metaspace       used 51626K, capacity 53344K, committed 53544K, reserved 1095680K
  class space    used 6354K, capacity 6692K, committed 6696K, reserved 1048576K
Event: 145.870 GC heap after
Heap after GC invocations=27 (full 2):
 PSYoungGen      total 247808K, used 9605K [0x000000076b400000, 0x000000077c780000, 0x00000007c0000000)
  eden space 238080K, 0% used [0x000000076b400000,0x000000076b400000,0x0000000779c80000)
  from space 9728K, 98% used [0x000000077a380000,0x000000077ace1538,0x000000077ad00000)
  to   space 22016K, 0% used [0x000000077b200000,0x000000077b200000,0x000000077c780000)
 ParOldGen       total 172032K, used 42460K [0x00000006c1c00000, 0x00000006cc400000, 0x000000076b400000)
  object space 172032K, 24% used [0x00000006c1c00000,0x00000006c4577290,0x00000006cc400000)
 Metaspace       used 51626K, capacity 53344K, committed 53544K, reserved 1095680K
  class space    used 6354K, capacity 6692K, committed 6696K, reserved 1048576K
}
Event: 154.028 GC heap before
{Heap before GC invocations=28 (full 2):
 PSYoungGen      total 247808K, used 247685K [0x000000076b400000, 0x000000077c780000, 0x00000007c0000000)
  eden space 238080K, 100% used [0x000000076b400000,0x0000000779c80000,0x0000000779c80000)
  from space 9728K, 98% used [0x000000077a380000,0x000000077ace1538,0x000000077ad00000)
  to   space 22016K, 0% used [0x000000077b200000,0x000000077b200000,0x000000077c780000)
 ParOldGen       total 172032K, used 42460K [0x00000006c1c00000, 0x00000006cc400000, 0x000000076b400000)
  object space 172032K, 24% used [0x00000006c1c00000,0x00000006c4577290,0x00000006cc400000)
 Metaspace       used 51673K, capacity 53408K, committed 53544K, reserved 1095680K
  class space    used 6354K, capacity 6692K, committed 6696K, reserved 1048576K
Event: 154.035 GC heap after
Heap after GC invocations=28 (full 2):
 PSYoungGen      total 244736K, used 9509K [0x000000076b400000, 0x000000077bf80000, 0x00000007c0000000)
  eden space 230912K, 0% used [0x000000076b400000,0x000000076b400000,0x0000000779580000)
  from space 13824K, 68% used [0x000000077b200000,0x000000077bb49538,0x000000077bf80000)
  to   space 21504K, 0% used [0x0000000779580000,0x0000000779580000,0x000000077aa80000)
 ParOldGen       total 172032K, used 42460K [0x00000006c1c00000, 0x00000006cc400000, 0x000000076b400000)
  object space 172032K, 24% used [0x00000006c1c00000,0x00000006c4577290,0x00000006cc400000)
 Metaspace       used 51673K, capacity 53408K, committed 53544K, reserved 1095680K
  class space    used 6354K, capacity 6692K, committed 6696K, reserved 1048576K
}
Event: 162.189 GC heap before
{Heap before GC invocations=29 (full 2):
 PSYoungGen      total 244736K, used 240421K [0x000000076b400000, 0x000000077bf80000, 0x00000007c0000000)
  eden space 230912K, 100% used [0x000000076b400000,0x0000000779580000,0x0000000779580000)
  from space 13824K, 68% used [0x000000077b200000,0x000000077bb49538,0x000000077bf80000)
  to   space 21504K, 0% used [0x0000000779580000,0x0000000779580000,0x000000077aa80000)
 ParOldGen       total 172032K, used 42460K [0x00000006c1c00000, 0x00000006cc400000, 0x000000076b400000)
  object space 172032K, 24% used [0x00000006c1c00000,0x00000006c4577290,0x00000006cc400000)
 Metaspace       used 51730K, capacity 53472K, committed 53544K, reserved 1095680K
  class space    used 6357K, capacity 6692K, committed 6696K, reserved 1048576K
Event: 162.197 GC heap after
Heap after GC invocations=29 (full 2):
 PSYoungGen      total 231936K, used 7667K [0x000000076b400000, 0x000000077b800000, 0x00000007c0000000)
  eden space 224256K, 0% used [0x000000076b400000,0x000000076b400000,0x0000000778f00000)
  from space 7680K, 99% used [0x0000000779580000,0x0000000779cfcd20,0x0000000779d00000)
  to   space 20992K, 0% used [0x000000077a380000,0x000000077a380000,0x000000077b800000)
 ParOldGen       total 172032K, used 44180K [0x00000006c1c00000, 0x00000006cc400000, 0x000000076b400000)
  object space 172032K, 25% used [0x00000006c1c00000,0x00000006c4725010,0x00000006cc400000)
 Metaspace       used 51730K, capacity 53472K, committed 53544K, reserved 1095680K
  class space    used 6357K, capacity 6692K, committed 6696K, reserved 1048576K
}
Event: 170.132 GC heap before
{Heap before GC invocations=30 (full 2):
 PSYoungGen      total 231936K, used 231923K [0x000000076b400000, 0x000000077b800000, 0x00000007c0000000)
  eden space 224256K, 100% used [0x000000076b400000,0x0000000778f00000,0x0000000778f00000)
  from space 7680K, 99% used [0x0000000779580000,0x0000000779cfcd20,0x0000000779d00000)
  to   space 20992K, 0% used [0x000000077a380000,0x000000077a380000,0x000000077b800000)
 ParOldGen       total 172032K, used 44180K [0x00000006c1c00000, 0x00000006cc400000, 0x000000076b400000)
  object space 172032K, 25% used [0x00000006c1c00000,0x00000006c4725010,0x00000006cc400000)
 Metaspace       used 51770K, capacity 53472K, committed 53544K, reserved 1095680K
  class space    used 6357K, capacity 6692K, committed 6696K, reserved 1048576K
Event: 170.138 GC heap after
Heap after GC invocations=30 (full 2):
 PSYoungGen      total 231936K, used 7091K [0x000000076b400000, 0x000000077b100000, 0x00000007c0000000)
  eden space 218112K, 0% used [0x000000076b400000,0x000000076b400000,0x0000000778900000)
  from space 13824K, 51% used [0x000000077a380000,0x000000077aa6cd20,0x000000077b100000)
  to   space 20480K, 0% used [0x0000000778900000,0x0000000778900000,0x0000000779d00000)
 ParOldGen       total 172032K, used 44348K [0x00000006c1c00000, 0x00000006cc400000, 0x000000076b400000)
  object space 172032K, 25% used [0x00000006c1c00000,0x00000006c474f010,0x00000006cc400000)
 Metaspace       used 51770K, capacity 53472K, committed 53544K, reserved 1095680K
  class space    used 6357K, capacity 6692K, committed 6696K, reserved 1048576K
}
Event: 178.344 GC heap before
{Heap before GC invocations=31 (full 2):
 PSYoungGen      total 231936K, used 225203K [0x000000076b400000, 0x000000077b100000, 0x00000007c0000000)
  eden space 218112K, 100% used [0x000000076b400000,0x0000000778900000,0x0000000778900000)
  from space 13824K, 51% used [0x000000077a380000,0x000000077aa6cd20,0x000000077b100000)
  to   space 20480K, 0% used [0x0000000778900000,0x0000000778900000,0x0000000779d00000)
 ParOldGen       total 172032K, used 44348K [0x00000006c1c00000, 0x00000006cc400000, 0x000000076b400000)
  object space 172032K, 25% used [0x00000006c1c00000,0x00000006c474f010,0x00000006cc400000)
 Metaspace       used 51909K, capacity 53600K, committed 53800K, reserved 1095680K
  class space    used 6363K, capacity 6692K, committed 6696K, reserved 1048576K
Event: 178.354 GC heap after
Heap after GC invocations=31 (full 2):
 PSYoungGen      total 219648K, used 7576K [0x000000076b400000, 0x000000077ab00000, 0x00000007c0000000)
  eden space 211968K, 0% used [0x000000076b400000,0x000000076b400000,0x0000000778300000)
  from space 7680K, 98% used [0x0000000778900000,0x0000000779066138,0x0000000779080000)
  to   space 20480K, 0% used [0x0000000779700000,0x0000000779700000,0x000000077ab00000)
 ParOldGen       total 172032K, used 44396K [0x00000006c1c00000, 0x00000006cc400000, 0x000000076b400000)
  object space 172032K, 25% used [0x00000006c1c00000,0x00000006c475b010,0x00000006cc400000)
 Metaspace       used 51909K, capacity 53600K, committed 53800K, reserved 1095680K
  class space    used 6363K, capacity 6692K, committed 6696K, reserved 1048576K
}

Deoptimization events (10 events):
Event: 162.699 Thread 0x000000000498a000 Uncommon trap: reason=class_check action=maybe_recompile pc=0x00000000070dea20 method=antlr.CommonAST.initialize(Lantlr/Token;)V @ 2
Event: 170.032 Thread 0x000000000498a000 Uncommon trap: reason=predicate action=maybe_recompile pc=0x00000000054d7530 method=java.util.ComparableTimSort.binarySort([Ljava/lang/Object;III)V @ 37
Event: 170.592 Thread 0x000000000498a000 Uncommon trap: reason=class_check action=maybe_recompile pc=0x00000000070dea20 method=antlr.CommonAST.initialize(Lantlr/Token;)V @ 2
Event: 178.262 Thread 0x000000000498a000 Uncommon trap: reason=bimorphic action=maybe_recompile pc=0x0000000006fba9a0 method=java.lang.ThreadLocal.set(Ljava/lang/Object;)V @ 6
Event: 178.411 Thread 0x000000000498a000 Uncommon trap: reason=unstable_if action=reinterpret pc=0x0000000005a5ac40 method=jep.ClassList.addClass(Ljava/lang/String;Ljava/lang/String;)V @ 71
Event: 178.662 Thread 0x000000000498a000 Uncommon trap: reason=unstable_if action=reinterpret pc=0x0000000004bbbd48 method=sun.net.www.protocol.jar.Handler.parseURL(Ljava/net/URL;Ljava/lang/String;II)V @ 68
Event: 178.732 Thread 0x000000000498a000 Uncommon trap: reason=unstable_if action=reinterpret pc=0x0000000004c19a7c method=java.io.BufferedReader.readLine(Z)Ljava/lang/String; @ 192
Event: 178.755 Thread 0x000000000498a000 Uncommon trap: reason=bimorphic action=maybe_recompile pc=0x0000000006fba9a0 method=java.lang.ThreadLocal.set(Ljava/lang/Object;)V @ 6
Event: 178.795 Thread 0x000000000498a000 Uncommon trap: reason=bimorphic action=maybe_recompile pc=0x0000000006fba9a0 method=java.lang.ThreadLocal.set(Ljava/lang/Object;)V @ 6
Event: 178.808 Thread 0x000000000498a000 Uncommon trap: reason=bimorphic action=maybe_recompile pc=0x0000000006fba9a0 method=java.lang.ThreadLocal.set(Ljava/lang/Object;)V @ 6

Internal exceptions (10 events):
Event: 170.794 Thread 0x000000000498a000 Exception <a 'java/lang/ClassNotFoundException': java/io/SerializableCustomizer> (0x00000007750f5068) thrown at [C:\re\workspace\8-2-build-windows-amd64-cygwin\jdk8u144\9417\hotspot\src\share\vm\classfile\systemDictionary.cpp, line 210]
Event: 170.796 Thread 0x000000000498a000 Exception <a 'java/lang/ClassNotFoundException': java/io/SerializableCustomizer> (0x000000077519f860) thrown at [C:\re\workspace\8-2-build-windows-amd64-cygwin\jdk8u144\9417\hotspot\src\share\vm\classfile\systemDictionary.cpp, line 210]
Event: 170.797 Thread 0x000000000498a000 Exception <a 'java/lang/ClassNotFoundException': java/io/SerializableCustomizer> (0x00000007751c8268) thrown at [C:\re\workspace\8-2-build-windows-amd64-cygwin\jdk8u144\9417\hotspot\src\share\vm\classfile\systemDictionary.cpp, line 210]
Event: 170.798 Thread 0x000000000498a000 Exception <a 'java/lang/ClassNotFoundException': java/io/SerializableCustomizer> (0x0000000775210878) thrown at [C:\re\workspace\8-2-build-windows-amd64-cygwin\jdk8u144\9417\hotspot\src\share\vm\classfile\systemDictionary.cpp, line 210]
Event: 170.799 Thread 0x000000000498a000 Exception <a 'java/lang/ClassNotFoundException': java/io/SerializableCustomizer> (0x000000077523c348) thrown at [C:\re\workspace\8-2-build-windows-amd64-cygwin\jdk8u144\9417\hotspot\src\share\vm\classfile\systemDictionary.cpp, line 210]
Event: 170.800 Thread 0x000000000498a000 Exception <a 'java/lang/ClassNotFoundException': java/io/SerializableCustomizer> (0x000000077526ce60) thrown at [C:\re\workspace\8-2-build-windows-amd64-cygwin\jdk8u144\9417\hotspot\src\share\vm\classfile\systemDictionary.cpp, line 210]
Event: 170.801 Thread 0x000000000498a000 Exception <a 'java/lang/ClassNotFoundException': java/io/SerializableCustomizer> (0x000000077534c0b8) thrown at [C:\re\workspace\8-2-build-windows-amd64-cygwin\jdk8u144\9417\hotspot\src\share\vm\classfile\systemDictionary.cpp, line 210]
Event: 170.802 Thread 0x000000000498a000 Exception <a 'java/lang/ClassNotFoundException': java/io/SerializableCustomizer> (0x000000077538af00) thrown at [C:\re\workspace\8-2-build-windows-amd64-cygwin\jdk8u144\9417\hotspot\src\share\vm\classfile\systemDictionary.cpp, line 210]
Event: 178.009 Thread 0x000000000498a000 Exception <a 'java/lang/ClassNotFoundException': org/springframework/beans/factory/FactoryBeanCustomizer> (0x00000007767d30c0) thrown at [C:\re\workspace\8-2-build-windows-amd64-cygwin\jdk8u144\9417\hotspot\src\share\vm\classfile\systemDictionary.cpp, lin
Event: 178.009 Thread 0x000000000498a000 Exception <a 'java/lang/ClassNotFoundException': org/springframework/beans/factory/BeanFactoryAwareCustomizer> (0x0000000776801030) thrown at [C:\re\workspace\8-2-build-windows-amd64-cygwin\jdk8u144\9417\hotspot\src\share\vm\classfile\systemDictionary.cpp

Events (10 events):
Event: 179.044 loading class org/python/core/PyBuiltinCallable$Info
Event: 179.044 loading class org/python/core/PyBuiltinCallable$Info done
Event: 179.045 loading class org/python/core/PyMethodDescr
Event: 179.045 loading class org/python/core/PyMethodDescr done
Event: 179.045 loading class org/python/core/PyDescriptor
Event: 179.045 loading class org/python/core/PyDescriptor done
Event: 179.045 loading class org/python/core/PyClassMethodDescr
Event: 179.045 loading class org/python/core/PyClassMethodDescr done
Event: 179.056 loading class org/python/core/PyDataDescr
Event: 179.056 loading class org/python/core/PyDataDescr done


Dynamic libraries:
0x00007ff734de0000 - 0x00007ff734e17000 	C:\Program Files\Java\jdk1.8.0_144\bin\javaw.exe
0x00007ffb5fdc0000 - 0x00007ffb5ffa0000 	C:\WINDOWS\SYSTEM32\ntdll.dll
0x00007ffb5fa70000 - 0x00007ffb5fb1e000 	C:\WINDOWS\System32\KERNEL32.DLL
0x00007ffb5cf40000 - 0x00007ffb5d1a6000 	C:\WINDOWS\System32\KERNELBASE.dll
0x00007ffb5f0c0000 - 0x00007ffb5f161000 	C:\WINDOWS\System32\ADVAPI32.dll
0x00007ffb5fba0000 - 0x00007ffb5fc3d000 	C:\WINDOWS\System32\msvcrt.dll
0x00007ffb5f5c0000 - 0x00007ffb5f61b000 	C:\WINDOWS\System32\sechost.dll
0x00007ffb5fc40000 - 0x00007ffb5fd5f000 	C:\WINDOWS\System32\RPCRT4.dll
0x00007ffb5eea0000 - 0x00007ffb5f02f000 	C:\WINDOWS\System32\USER32.dll
0x00007ffb5c1c0000 - 0x00007ffb5c1e0000 	C:\WINDOWS\System32\win32u.dll
0x00007ffb5d720000 - 0x00007ffb5d748000 	C:\WINDOWS\System32\GDI32.dll
0x00007ffb5c330000 - 0x00007ffb5c4c3000 	C:\WINDOWS\System32\gdi32full.dll
0x00007ffb5c1e0000 - 0x00007ffb5c27b000 	C:\WINDOWS\System32\msvcp_win.dll
0x00007ffb5ce40000 - 0x00007ffb5cf36000 	C:\WINDOWS\System32\ucrtbase.dll
0x00007ffb4bfe0000 - 0x00007ffb4c249000 	C:\WINDOWS\WinSxS\amd64_microsoft.windows.common-controls_6595b64144ccf1df_6.0.16299.98_none_cc930a042215c348\COMCTL32.dll
0x00007ffb5f620000 - 0x00007ffb5f928000 	C:\WINDOWS\System32\combase.dll
0x00007ffb5d1b0000 - 0x00007ffb5d222000 	C:\WINDOWS\System32\bcryptPrimitives.dll
0x00007ffb5fd60000 - 0x00007ffb5fd8d000 	C:\WINDOWS\System32\IMM32.DLL
0x0000000069d40000 - 0x0000000069e12000 	C:\Program Files\Java\jdk1.8.0_144\jre\bin\msvcr100.dll
0x00000000694a0000 - 0x0000000069d3d000 	C:\Program Files\Java\jdk1.8.0_144\jre\bin\server\jvm.dll
0x00007ffb5d710000 - 0x00007ffb5d718000 	C:\WINDOWS\System32\PSAPI.DLL
0x00007ffb4eb80000 - 0x00007ffb4eb89000 	C:\WINDOWS\SYSTEM32\WSOCK32.dll
0x00007ffb518d0000 - 0x00007ffb518f3000 	C:\WINDOWS\SYSTEM32\WINMM.dll
0x00007ffb5fa00000 - 0x00007ffb5fa6c000 	C:\WINDOWS\System32\WS2_32.dll
0x00007ffb52400000 - 0x00007ffb5240a000 	C:\WINDOWS\SYSTEM32\VERSION.dll
0x00007ffb51850000 - 0x00007ffb5187a000 	C:\WINDOWS\SYSTEM32\WINMMBASE.dll
0x00007ffb5cdf0000 - 0x00007ffb5ce3a000 	C:\WINDOWS\System32\cfgmgr32.dll
0x0000000069490000 - 0x000000006949f000 	C:\Program Files\Java\jdk1.8.0_144\jre\bin\verify.dll
0x0000000069460000 - 0x0000000069489000 	C:\Program Files\Java\jdk1.8.0_144\jre\bin\java.dll
0x0000000069410000 - 0x0000000069426000 	C:\Program Files\Java\jdk1.8.0_144\jre\bin\zip.dll
0x00007ffb5d8c0000 - 0x00007ffb5ecf6000 	C:\WINDOWS\System32\SHELL32.dll
0x00007ffb5d660000 - 0x00007ffb5d706000 	C:\WINDOWS\System32\shcore.dll
0x00007ffb5c4d0000 - 0x00007ffb5cc17000 	C:\WINDOWS\System32\windows.storage.dll
0x00007ffb5d4e0000 - 0x00007ffb5d531000 	C:\WINDOWS\System32\shlwapi.dll
0x00007ffb5c180000 - 0x00007ffb5c191000 	C:\WINDOWS\System32\kernel.appcore.dll
0x00007ffb5c130000 - 0x00007ffb5c17c000 	C:\WINDOWS\System32\powrprof.dll
0x00007ffb5c1a0000 - 0x00007ffb5c1bb000 	C:\WINDOWS\System32\profapi.dll
0x00000000693f0000 - 0x000000006940a000 	C:\Program Files\Java\jdk1.8.0_144\jre\bin\net.dll
0x00007ffb5b5f0000 - 0x00007ffb5b656000 	C:\WINDOWS\system32\mswsock.dll
0x00000000693c0000 - 0x00000000693cd000 	C:\Program Files\Java\jdk1.8.0_144\jre\bin\management.dll
0x00007ffb5be40000 - 0x00007ffb5be57000 	C:\WINDOWS\SYSTEM32\CRYPTSP.dll
0x00007ffb5b200000 - 0x00007ffb5b233000 	C:\WINDOWS\system32\rsaenh.dll
0x00007ffb5be10000 - 0x00007ffb5be35000 	C:\WINDOWS\SYSTEM32\bcrypt.dll
0x00007ffb5c040000 - 0x00007ffb5c069000 	C:\WINDOWS\SYSTEM32\USERENV.dll
0x00007ffb5b7b0000 - 0x00007ffb5b7bb000 	C:\WINDOWS\SYSTEM32\CRYPTBASE.dll
0x00007ffb5b380000 - 0x00007ffb5b3b9000 	C:\WINDOWS\SYSTEM32\IPHLPAPI.DLL
0x00007ffb5d540000 - 0x00007ffb5d548000 	C:\WINDOWS\System32\NSI.dll
0x00007ffb58c40000 - 0x00007ffb58c56000 	C:\WINDOWS\SYSTEM32\dhcpcsvc6.DLL
0x00007ffb58a60000 - 0x00007ffb58a7a000 	C:\WINDOWS\SYSTEM32\dhcpcsvc.DLL
0x00000000693d0000 - 0x00000000693e1000 	C:\Program Files\Java\jdk1.8.0_144\jre\bin\nio.dll
0x00007ffb5ad60000 - 0x00007ffb5ad6a000 	C:\Users\milos.holclajtner\AppData\Local\Temp\jansi-64-5668636725571537574.dll
0x00007ffb396d0000 - 0x00007ffb396e6000 	C:\WINDOWS\system32\napinsp.dll
0x00007ffb396b0000 - 0x00007ffb396ca000 	C:\WINDOWS\system32\pnrpnsp.dll
0x00007ffb571f0000 - 0x00007ffb57208000 	C:\WINDOWS\system32\NLAapi.dll
0x00007ffb5b3c0000 - 0x00007ffb5b476000 	C:\WINDOWS\SYSTEM32\DNSAPI.dll
0x00007ffb396a0000 - 0x00007ffb396ae000 	C:\WINDOWS\System32\winrnr.dll
0x000000006be70000 - 0x000000006be96000 	C:\Program Files\Bonjour\mdnsNSP.dll
0x00007ffb39680000 - 0x00007ffb39695000 	C:\WINDOWS\System32\wshbth.dll
0x00007ffb564f0000 - 0x00007ffb564fa000 	C:\Windows\System32\rasadhlp.dll
0x00007ffb59330000 - 0x00007ffb593a0000 	C:\WINDOWS\System32\fwpuclnt.dll
0x00007ffb577e0000 - 0x00007ffb57805000 	C:\Users\milos.holclajtner\AppData\Local\Programs\Python\Python36\Lib\site-packages\jep\jep.dll
0x00007ffb53a10000 - 0x00007ffb53a26000 	C:\WINDOWS\SYSTEM32\VCRUNTIME140.dll
0x000000006a120000 - 0x000000006a4c0000 	C:\Users\milos.holclajtner\AppData\Local\Programs\Python\Python36\python36.dll
0x00007ffb5d330000 - 0x00007ffb5d479000 	C:\WINDOWS\System32\ole32.dll
0x00007ffb5f930000 - 0x00007ffb5f9f5000 	C:\WINDOWS\System32\OLEAUT32.dll
0x00007ffb5ab60000 - 0x00007ffb5ab6f000 	C:\Users\milos.holclajtner\AppData\Local\Programs\Python\Python36\python3.dll
0x00007ffb27560000 - 0x00007ffb276f1000 	C:\Users\milos.holclajtner\AppData\Local\Programs\Python\Python36\lib\site-packages\numpy\core\multiarray.cp36-win_amd64.pyd
0x000000006d380000 - 0x000000006f7fa000 	C:\Users\milos.holclajtner\AppData\Local\Programs\Python\Python36\lib\site-packages\numpy\core\libopenblas_v0.2.20_mingwpy.dll
0x00007ffb27490000 - 0x00007ffb2755b000 	C:\Users\milos.holclajtner\AppData\Local\Programs\Python\Python36\lib\site-packages\numpy\core\umath.cp36-win_amd64.pyd
0x000000006a0f0000 - 0x000000006a113000 	C:\Users\milos.holclajtner\AppData\Local\Programs\Python\Python36\DLLs\_ctypes.pyd
0x000000006a0d0000 - 0x000000006a0ea000 	C:\Users\milos.holclajtner\AppData\Local\Programs\Python\Python36\DLLs\_bz2.pyd
0x00007ffb2f9c0000 - 0x00007ffb2fa02000 	C:\Users\milos.holclajtner\AppData\Local\Programs\Python\Python36\DLLs\_lzma.pyd
0x00007ffb24680000 - 0x00007ffb2481c000 	C:\Users\milos.holclajtner\AppData\Local\Programs\Python\Python36\DLLs\_hashlib.pyd
0x00007ffb5ab50000 - 0x00007ffb5ab5b000 	C:\Users\milos.holclajtner\AppData\Local\Programs\Python\Python36\lib\site-packages\numpy\linalg\lapack_lite.cp36-win_amd64.pyd
0x00007ffb52310000 - 0x00007ffb5232a000 	C:\Users\milos.holclajtner\AppData\Local\Programs\Python\Python36\lib\site-packages\numpy\linalg\_umath_linalg.cp36-win_amd64.pyd
0x00007ffb4e460000 - 0x00007ffb4e478000 	C:\Users\milos.holclajtner\AppData\Local\Programs\Python\Python36\lib\site-packages\numpy\fft\fftpack_lite.cp36-win_amd64.pyd
0x00007ffb28760000 - 0x00007ffb28810000 	C:\Users\milos.holclajtner\AppData\Local\Programs\Python\Python36\lib\site-packages\numpy\random\mtrand.cp36-win_amd64.pyd
0x0000000069ff0000 - 0x000000006a0d0000 	C:\Users\milos.holclajtner\AppData\Local\Programs\Python\Python36\DLLs\unicodedata.pyd
0x0000000069fd0000 - 0x0000000069fe5000 	C:\Users\milos.holclajtner\AppData\Local\Programs\Python\Python36\DLLs\_socket.pyd
0x0000000069fc0000 - 0x0000000069fca000 	C:\Users\milos.holclajtner\AppData\Local\Programs\Python\Python36\DLLs\select.pyd
0x00007ffb0df20000 - 0x00007ffb0e11d000 	C:\Users\milos.holclajtner\AppData\Local\Programs\Python\Python36\DLLs\_ssl.pyd
0x00007ffb5cc20000 - 0x00007ffb5cdee000 	C:\WINDOWS\System32\CRYPT32.dll
0x00007ffb5c110000 - 0x00007ffb5c122000 	C:\WINDOWS\System32\MSASN1.dll
0x00007ffb26780000 - 0x00007ffb2685a000 	C:\Users\milos.holclajtner\AppData\Local\Programs\Python\Python36\lib\site-packages\pandas\_libs\tslib.cp36-win_amd64.pyd
0x00007ffb4dde0000 - 0x00007ffb4ddf4000 	C:\Users\milos.holclajtner\AppData\Local\Programs\Python\Python36\lib\site-packages\pandas\_libs\tslibs\timedeltas.cp36-win_amd64.pyd
0x00007ffb49910000 - 0x00007ffb4992b000 	C:\Users\milos.holclajtner\AppData\Local\Programs\Python\Python36\lib\site-packages\pandas\_libs\tslibs\timezones.cp36-win_amd64.pyd
0x00007ffb2d610000 - 0x00007ffb2d648000 	C:\Users\milos.holclajtner\AppData\Local\Programs\Python\Python36\lib\site-packages\pandas\_libs\tslibs\parsing.cp36-win_amd64.pyd
0x00007ffb436c0000 - 0x00007ffb436df000 	C:\Users\milos.holclajtner\AppData\Local\Programs\Python\Python36\lib\site-packages\pandas\_libs\tslibs\fields.cp36-win_amd64.pyd
0x00007ffb27d00000 - 0x00007ffb27d7f000 	C:\Users\milos.holclajtner\AppData\Local\Programs\Python\Python36\lib\site-packages\pandas\_libs\hashtable.cp36-win_amd64.pyd
0x00007ffb229a0000 - 0x00007ffb22a7a000 	C:\Users\milos.holclajtner\AppData\Local\Programs\Python\Python36\lib\site-packages\pandas\_libs\lib.cp36-win_amd64.pyd
0x00007ffb1ee10000 - 0x00007ffb1ef76000 	C:\Users\milos.holclajtner\AppData\Local\Programs\Python\Python36\lib\site-packages\pandas\_libs\interval.cp36-win_amd64.pyd
0x0000000069f70000 - 0x0000000069fb4000 	C:\Users\milos.holclajtner\AppData\Local\Programs\Python\Python36\DLLs\_decimal.pyd
0x00007ffb0dde0000 - 0x00007ffb0df19000 	C:\Users\milos.holclajtner\AppData\Local\Programs\Python\Python36\lib\site-packages\pandas\_libs\algos.cp36-win_amd64.pyd
0x00007ffb41710000 - 0x00007ffb41724000 	C:\Users\milos.holclajtner\AppData\Local\Programs\Python\Python36\lib\site-packages\pandas\_libs\properties.cp36-win_amd64.pyd
0x00007ffb3c8a0000 - 0x00007ffb3c8b3000 	C:\Users\milos.holclajtner\AppData\Local\Programs\Python\Python36\lib\site-packages\pandas\_libs\hashing.cp36-win_amd64.pyd
0x00007ffb27c40000 - 0x00007ffb27c9f000 	C:\Users\milos.holclajtner\AppData\Local\Programs\Python\Python36\lib\site-packages\pandas\_libs\index.cp36-win_amd64.pyd
0x00007ffb0dc30000 - 0x00007ffb0ddd7000 	C:\Users\milos.holclajtner\AppData\Local\Programs\Python\Python36\lib\site-packages\pandas\_libs\join.cp36-win_amd64.pyd
0x00007ffb28ac0000 - 0x00007ffb28af4000 	C:\Users\milos.holclajtner\AppData\Local\Programs\Python\Python36\lib\site-packages\pandas\_libs\tslibs\strptime.cp36-win_amd64.pyd
0x00007ffb380d0000 - 0x00007ffb380e4000 	C:\Users\milos.holclajtner\AppData\Local\Programs\Python\Python36\lib\site-packages\pandas\_libs\tslibs\frequencies.cp36-win_amd64.pyd
0x00007ffb27b70000 - 0x00007ffb27bbd000 	C:\Users\milos.holclajtner\AppData\Local\Programs\Python\Python36\lib\site-packages\pandas\_libs\period.cp36-win_amd64.pyd
0x00007ffb20e20000 - 0x00007ffb20ed0000 	C:\Users\milos.holclajtner\AppData\Local\Programs\Python\Python36\lib\site-packages\pandas\_libs\sparse.cp36-win_amd64.pyd
0x00007ffb302d0000 - 0x00007ffb302fd000 	C:\Users\milos.holclajtner\AppData\Local\Programs\Python\Python36\lib\site-packages\matplotlib\_path.cp36-win_amd64.pyd
0x00007ffb23550000 - 0x00007ffb235ed000 	C:\Users\milos.holclajtner\AppData\Local\Programs\Python\Python36\lib\site-packages\matplotlib\MSVCP140.dll
0x00007ffb23040000 - 0x00007ffb230c6000 	C:\Users\milos.holclajtner\AppData\Local\Programs\Python\Python36\lib\site-packages\pandas\_libs\window.cp36-win_amd64.pyd
0x00007ffb0dba0000 - 0x00007ffb0dc29000 	C:\Users\milos.holclajtner\AppData\Local\Programs\Python\Python36\lib\site-packages\pandas\_libs\groupby.cp36-win_amd64.pyd
0x00007ffb36950000 - 0x00007ffb3696c000 	C:\Users\milos.holclajtner\AppData\Local\Programs\Python\Python36\lib\site-packages\pandas\_libs\reshape.cp36-win_amd64.pyd
0x00007ffb27420000 - 0x00007ffb27489000 	C:\Users\milos.holclajtner\AppData\Local\Programs\Python\Python36\lib\site-packages\pandas\_libs\parsers.cp36-win_amd64.pyd
0x00007ffb35be0000 - 0x00007ffb35bf7000 	C:\Users\milos.holclajtner\AppData\Local\Programs\Python\Python36\lib\site-packages\pandas\_libs\json.cp36-win_amd64.pyd
0x00007ffb30360000 - 0x00007ffb30376000 	C:\Users\milos.holclajtner\AppData\Local\Programs\Python\Python36\lib\site-packages\pandas\io\msgpack\_packer.cp36-win_amd64.pyd
0x00007ffb2f9a0000 - 0x00007ffb2f9ba000 	C:\Users\milos.holclajtner\AppData\Local\Programs\Python\Python36\lib\site-packages\pandas\io\msgpack\_unpacker.cp36-win_amd64.pyd
0x00007ffb575b0000 - 0x00007ffb575b9000 	C:\Users\milos.holclajtner\AppData\Local\Programs\Python\Python36\lib\site-packages\pandas\util\_move.cp36-win_amd64.pyd
0x00007ffb2ef40000 - 0x00007ffb2ef56000 	C:\Users\milos.holclajtner\AppData\Local\Programs\Python\Python36\lib\site-packages\pandas\_libs\testing.cp36-win_amd64.pyd
0x00007ffb53940000 - 0x00007ffb5394a000 	C:\Users\milos.holclajtner\AppData\Local\Programs\Python\Python36\lib\site-packages\sklearn\__check_build\_check_build.cp36-win_amd64.pyd
0x00007ffb2a780000 - 0x00007ffb2a796000 	C:\Users\milos.holclajtner\AppData\Local\Programs\Python\Python36\lib\site-packages\scipy\_lib\_ccallback_c.cp36-win_amd64.pyd
0x00007ffb0d940000 - 0x00007ffb0db95000 	C:\Users\milos.holclajtner\AppData\Local\Programs\Python\Python36\lib\site-packages\scipy\sparse\_sparsetools.cp36-win_amd64.pyd
0x00007ffb26170000 - 0x00007ffb261db000 	C:\Users\milos.holclajtner\AppData\Local\Programs\Python\Python36\lib\site-packages\scipy\sparse\_csparsetools.cp36-win_amd64.pyd
0x00007ffb2a320000 - 0x00007ffb2a336000 	C:\Users\milos.holclajtner\AppData\Local\Programs\Python\Python36\lib\site-packages\sklearn\utils\murmurhash.cp36-win_amd64.pyd
0x00007ffb282b0000 - 0x00007ffb282d3000 	C:\Users\milos.holclajtner\AppData\Local\Programs\Python\Python36\lib\site-packages\scipy\sparse\linalg\isolve\_iterative.cp36-win_amd64.pyd
0x0000000067ec0000 - 0x0000000067f26000 	C:\Users\milos.holclajtner\AppData\Local\Programs\Python\Python36\lib\site-packages\scipy\extra-dll\libSTOPTEST.B2ZVH7DO5DVZYDS75ZSCHXD5G43HCYD4.gfortran-win_amd64.dll
0x00000000325c0000 - 0x0000000034a17000 	C:\Users\milos.holclajtner\AppData\Local\Programs\Python\Python36\lib\site-packages\scipy\extra-dll\libopenblas.BNVRK7633HSX7YVO2TADGR4A5KEKXJAW.gfortran-win_amd64.dll
0x00007ffb0d8a0000 - 0x00007ffb0d932000 	C:\Users\milos.holclajtner\AppData\Local\Programs\Python\Python36\lib\site-packages\scipy\linalg\_fblas.cp36-win_amd64.pyd
0x0000000070f80000 - 0x0000000070f9d000 	C:\Users\milos.holclajtner\AppData\Local\Programs\Python\Python36\lib\site-packages\scipy\extra-dll\libwrap_dum.JPPGMGH3MZCSHXFMQQGFOSCGZ7ZEQKKE.gfortran-win_amd64.dll
0x00007ffb0d780000 - 0x00007ffb0d89e000 	C:\Users\milos.holclajtner\AppData\Local\Programs\Python\Python36\lib\site-packages\scipy\linalg\_flapack.cp36-win_amd64.pyd
0x0000000061ec0000 - 0x0000000061ef6000 	C:\Users\milos.holclajtner\AppData\Local\Programs\Python\Python36\lib\site-packages\scipy\extra-dll\libwrap_dum.26QQ3L55FU6KXMGPYDA53KYMCT2TU35H.gfortran-win_amd64.dll
0x00007ffb27c20000 - 0x00007ffb27c32000 	C:\Users\milos.holclajtner\AppData\Local\Programs\Python\Python36\lib\site-packages\scipy\linalg\_flinalg.cp36-win_amd64.pyd
0x0000000065a80000 - 0x0000000065a9e000 	C:\Users\milos.holclajtner\AppData\Local\Programs\Python\Python36\lib\site-packages\scipy\extra-dll\libdet.CF6EYFUDEYPH43I3Z6PMABQVSHN33WMB.gfortran-win_amd64.dll
0x00007ffb26740000 - 0x00007ffb26775000 	C:\Users\milos.holclajtner\AppData\Local\Programs\Python\Python36\lib\site-packages\scipy\linalg\_solve_toeplitz.cp36-win_amd64.pyd
0x00007ffb0d730000 - 0x00007ffb0d773000 	C:\Users\milos.holclajtner\AppData\Local\Programs\Python\Python36\lib\site-packages\scipy\linalg\_decomp_update.cp36-win_amd64.pyd

VM Arguments:
jvm_args: -ea -Dfile.encoding=UTF-8 
java_command: org.eclipse.jdt.internal.junit.runner.RemoteTestRunner -version 3 -port 53272 -testLoaderClass org.eclipse.jdt.internal.junit4.runner.JUnit4TestLoader -loaderpluginname org.eclipse.jdt.junit4.runtime -testNameFile C:\Users\MILOS~1.HOL\AppData\Local\Temp\testNames7298826658970482683.txt
java_class_path (initial): C:\Program Files\Java\jdk1.8.0_144\jre\lib\resources.jar;C:\Program Files\Java\jdk1.8.0_144\jre\lib\rt.jar;C:\Program Files\Java\jdk1.8.0_144\jre\lib\jsse.jar;C:\Program Files\Java\jdk1.8.0_144\jre\lib\jce.jar;C:\Program Files\Java\jdk1.8.0_144\jre\lib\charsets.jar;C:\Program Files\Java\jdk1.8.0_144\jre\lib\jfr.jar;C:\Program Files\Java\jdk1.8.0_144\jre\lib\ext\access-bridge-64.jar;C:\Program Files\Java\jdk1.8.0_144\jre\lib\ext\cldrdata.jar;C:\Program Files\Java\jdk1.8.0_144\jre\lib\ext\dnsns.jar;C:\Program Files\Java\jdk1.8.0_144\jre\lib\ext\jaccess.jar;C:\Program Files\Java\jdk1.8.0_144\jre\lib\ext\jfxrt.jar;C:\Program Files\Java\jdk1.8.0_144\jre\lib\ext\localedata.jar;C:\Program Files\Java\jdk1.8.0_144\jre\lib\ext\nashorn.jar;C:\Program Files\Java\jdk1.8.0_144\jre\lib\ext\sunec.jar;C:\Program Files\Java\jdk1.8.0_144\jre\lib\ext\sunjce_provider.jar;C:\Program Files\Java\jdk1.8.0_144\jre\lib\ext\sunmscapi.jar;C:\Program Files\Java\jdk1.8.0_144\jre\lib\ext\sunpkcs11.jar;C:\Program Files\Java\jdk1.8.0_144\jre\lib\ext\zipfs.jar;C:\Users\milos.holclajtner\Documents\GitHub\anagraph\backend\target\test-classes;C:\Users\milos.holclajtner\Documents\GitHub\anagraph\backend\target\classes;C:\Users\milos.holclajtner\.m2\repository\javax\validation\validation-api\1.1.0.Final\validation-api-1.1.0.Final.jar;C:\Users\milos.holclajtner\.m2\repository\javax\annotation\javax.annotation-api\1.2\javax.annotation-api-1.2.jar;C:\Users\milos.holclajtner\.m2\repository\javax\transaction\javax.transaction-api\1.2\javax.transaction-api-1.2.jar;C:\Users\milos.holclajtner\.m2\repository\org\hibernate\javax\persistence\hibernate-jpa-2.1-api\1.0.0.Final\hibernate-jpa-2.1-api-1.0.0.Final.jar;C:\Users\milos.holclajtner\.m2\repository\antlr\antlr\2.7.7\antlr-2.7.7.jar;C:\Users\milos.holclajtner\.m2\repository\dom4j\dom4j\1.6.1\dom4j-1.6.1.jar;C:\Users\milos.holclajtner\.m2\repository\junit\junit\4.12\junit-4.12.jar;C:\Users\milos.holclajtner\.m2\repository\org\hamcrest
Launcher Type: SUN_STANDARD

Environment Variables:
JAVA_HOME=C:\Program Files\Java\jdk1.8.0_144
PATH=C:/Program Files/Java/jre1.8.0_152/bin/server;C:/Program Files/Java/jre1.8.0_152/bin;C:/Program Files/Java/jre1.8.0_152/lib/amd64;C:\ProgramData\Oracle\Java\javapath;C:\Program Files\Java\jdk1.8.0_144\bin;C:\apache-maven-3.3.9\bin;C:\Program Files (x86)\Intel\iCLS Client\;C:\Program Files\Intel\iCLS Client\;C:\WINDOWS\system32;C:\WINDOWS;C:\WINDOWS\System32\Wbem;C:\WINDOWS\System32\WindowsPowerShell\v1.0\;C:\Program Files (x86)\Intel\Intel(R) Management Engine Components\DAL;C:\Program Files\Intel\Intel(R) Management Engine Components\DAL;C:\Program Files (x86)\Intel\Intel(R) Management Engine Components\IPT;C:\Program Files\Intel\Intel(R) Management Engine Components\IPT;C:\Program Files\Intel\WiFi\bin\;C:\Program Files\Common Files\Intel\WirelessCommon\;C:\Program Files\OpenVPN\bin;C:\gradle-4.2.1\bin;C:\Program Files (x86)\Skype\Phone\;C:\Program Files\OpenSSH\bin;C:\PostgreSQL\pg10\bin;C:\Program Files\Cloud Foundry;C:\Program Files\nodejs\;C:\Program Files (x86)\Windows Kits\8.1\Windows Performance Toolkit\;C:\Users\milos.holclajtner\AppData\Local\Programs\Python\Python36\Lib\site-packages\jep;C:\Users\milos.holclajtner\AppData\Local\Programs\Python\Python36\Scripts\;C:\Users\milos.holclajtner\AppData\Local\Programs\Python\Python36\;C:\Users\milos.holclajtner\AppData\Local\Microsoft\WindowsApps;C:\Users\milos.holclajtner\AppData\Roaming\npm;C:\eclipse-jee-oxygen-1-win32-x86_64\eclipse;;C:\Users\milos.holclajtner\AppData\Local\Programs\Python\Python36\lib\site-packages\scipy\extra-dll
USERNAME=milos.holclajtner
OS=Windows_NT
PROCESSOR_IDENTIFIER=Intel64 Family 6 Model 78 Stepping 3, GenuineIntel



---------------  S Y S T E M  ---------------

OS: Windows 10.0 , 64 bit Build 16299 (10.0.16299.15)

CPU:total 4 (initial active 4) (2 cores per cpu, 2 threads per core) family 6 model 78 stepping 3, cmov, cx8, fxsr, mmx, sse, sse2, sse3, ssse3, sse4.1, sse4.2, popcnt, avx, avx2, aes, clmul, erms, 3dnowpref, lzcnt, ht, tsc, tscinvbit, bmi1, bmi2, adx

Memory: 4k page, physical 16654948k(9818136k free), swap 19145316k(9612304k free)

vm_info: Java HotSpot(TM) 64-Bit Server VM (25.144-b01) for windows-amd64 JRE (1.8.0_144-b01), built on Jul 21 2017 21:57:33 by "java_re" with MS VC++ 10.0 (VS2010)

time: Fri Jan 26 10:35:34 2018
elapsed time: 215 seconds (0d 0h 3m 35s)

