#
# A fatal error has been detected by the Java Runtime Environment:
#
#  EXCEPTION_ACCESS_VIOLATION (0xc0000005) at pc=0x00007ffb3dce337c, pid=6884, tid=0x0000000000005080
#
# JRE version: Java(TM) SE Runtime Environment (8.0_152-b16) (build 1.8.0_152-b16)
# Java VM: Java HotSpot(TM) 64-Bit Server VM (25.152-b16 mixed mode windows-amd64 compressed oops)
# Problematic frame:
# C  [multiarray.cp36-win_amd64.pyd+0xe337c]
#
# Failed to write core dump. Minidumps are not enabled by default on client versions of Windows
#
# If you would like to submit a bug report, please visit:
#   http://bugreport.java.com/bugreport/crash.jsp
# The crash happened outside the Java Virtual Machine in native code.
# See problematic frame for where to report the bug.
#

---------------  T H R E A D  ---------------

Current thread (0x00000000052e9800):  JavaThread "main" [_thread_in_native, id=20608, stack(0x00000000051e0000,0x00000000052e0000)]

siginfo: ExceptionCode=0xc0000005, writing address 0x000000000000000a

Registers:
RAX=0x000000000000000a, RBX=0x00007ffb3dd47bd0, RCX=0x000000002d925e40, RDX=0x00007ffb3dd47bd0
RSP=0x00000000052d6370, RBP=0x000000002d925e30, RSI=0x000000003807af30, RDI=0x000000002d925e40
R8 =0x0000000000000008, R9 =0x00007ffb5b240000, R10=0x000000002d925e40, R11=0x000000002c6188a0
R12=0x000000002c5bc560, R13=0x0000000000000072, R14=0x000000002d925e40, R15=0x000000002c5bc3a8
RIP=0x00007ffb3dce337c, EFLAGS=0x0000000000010206

Top of Stack: (sp=0x00000000052d6370)
0x00000000052d6370:   000000005706c5c0 000000002d925e30
0x00000000052d6380:   00007ffb3dd63120 000000003a71f248
0x00000000052d6390:   00009bc728d97a23 00007ffb3dce6535
0x00000000052d63a0:   0000000000000002 0000000000000000
0x00000000052d63b0:   000000002d925e30 000000002d925e30
0x00000000052d63c0:   0000000000000000 00007ffb3dce63de
0x00000000052d63d0:   00007ffb3dd47bd0 000000003807af30
0x00000000052d63e0:   0000000000000000 0000000024afa7f0
0x00000000052d63f0:   0000000000000000 0000000000000000
0x00000000052d6400:   0000000000000000 0000000000000000
0x00000000052d6410:   0000000000000000 0000000000000000
0x00000000052d6420:   00000000370aec80 00007ffb3dcefbcd
0x00000000052d6430:   000000002d925e30 0000000038290250
0x00000000052d6440:   00000000000000d8 00000000052d6560
0x00000000052d6450:   00000000000000d8 0000000056d9ac88
0x00000000052d6460:   00000000381ef688 0000000024af59f0 

Instructions: (pc=0x00007ffb3dce337c)
0x00007ffb3dce335c:   1b 01 48 8b da 48 8b f9 0f 84 c1 00 00 00 83 7a
0x00007ffb3dce336c:   1c 11 75 1a 48 8b 01 48 85 c0 0f 84 af 00 00 00
0x00007ffb3dce337c:   48 ff 00 48 8b 5c 24 60 48 83 c4 50 5f c3 48 83
0x00007ffb3dce338c:   7a 38 00 0f 84 96 00 00 00 48 8b 4b 30 4c 8d 4c 


Register to memory mapping:

RAX=0x000000000000000a is an unknown value
RBX=0x00007ffb3dd47bd0 is an unknown value
RCX=0x000000002d925e40 is an unknown value
RDX=0x00007ffb3dd47bd0 is an unknown value
RSP=0x00000000052d6370 is pointing into the stack for thread: 0x00000000052e9800
RBP=0x000000002d925e30 is an unknown value
RSI=0x000000003807af30 is an unknown value
RDI=0x000000002d925e40 is an unknown value
R8 =0x0000000000000008 is an unknown value
R9 =0x00007ffb5b240000 is an unknown value
R10=0x000000002d925e40 is an unknown value
R11=0x000000002c6188a0 is an unknown value
R12=0x000000002c5bc560 is an unknown value
R13=0x0000000000000072 is an unknown value
R14=0x000000002d925e40 is an unknown value
R15=0x000000002c5bc3a8 is an unknown value


Stack: [0x00000000051e0000,0x00000000052e0000],  sp=0x00000000052d6370,  free space=984k
Native frames: (J=compiled Java code, j=interpreted, Vv=VM code, C=native code)
C  [multiarray.cp36-win_amd64.pyd+0xe337c]
C  [multiarray.cp36-win_amd64.pyd+0xe63de]
C  [multiarray.cp36-win_amd64.pyd+0xefbcd]
C  [python36.dll+0x1ac88]
C  [python36.dll+0x3a6ce]
C  [python36.dll+0x18979]
C  [python36.dll+0x39eea]
C  [python36.dll+0xbf79]
C  [python36.dll+0xbaac]
C  [python36.dll+0xf9f9]
C  [python36.dll+0x54c0d]
C  [python36.dll+0x1a7a0]
C  [python36.dll+0x3b35b]
C  [python36.dll+0x3a95f]
C  [python36.dll+0x18979]
C  [python36.dll+0x3b35b]
C  [python36.dll+0x39fb0]
C  [python36.dll+0xbf79]
C  [python36.dll+0xbaac]
C  [python36.dll+0xf955]
C  [python36.dll+0x1b74c]
C  [python36.dll+0x3b35b]
C  [python36.dll+0x6da5]
C  [python36.dll+0x6c87]
C  [python36.dll+0x1bb62]
C  [python36.dll+0x3b35b]
C  [python36.dll+0x3a95f]
C  [python36.dll+0x18979]
C  [python36.dll+0x3a6ce]
C  [python36.dll+0x18979]
C  [python36.dll+0x3a6ce]
C  [python36.dll+0x18979]
C  [python36.dll+0x3a6ce]
C  [python36.dll+0x18979]
C  [python36.dll+0x39eea]
C  [python36.dll+0xbf79]
C  [python36.dll+0xbaac]
C  [python36.dll+0xf9f9]
C  [python36.dll+0x54c0d]
C  [python36.dll+0x1a7a0]
C  [python36.dll+0x3b35b]
C  [python36.dll+0x3a95f]
C  [python36.dll+0x18979]
C  [python36.dll+0x3a6ce]
C  [python36.dll+0x18979]
C  [python36.dll+0x39eea]
C  [python36.dll+0xbf79]
C  [python36.dll+0xbaac]
C  [python36.dll+0xf9f9]
C  [python36.dll+0x1b74c]
C  [python36.dll+0x3b35b]
C  [python36.dll+0x6da5]
C  [python36.dll+0x6c87]
C  [python36.dll+0x1bb62]
C  [python36.dll+0x3b35b]
C  [python36.dll+0x3a95f]
C  [python36.dll+0x18979]
C  [python36.dll+0x3a6ce]
C  [python36.dll+0x18979]
C  [python36.dll+0x3a6ce]
C  [python36.dll+0x18979]
C  [python36.dll+0x3a6ce]
C  [python36.dll+0x18979]
C  [python36.dll+0x39eea]
C  [python36.dll+0xbf79]
C  [python36.dll+0xbaac]
C  [python36.dll+0xf9f9]
C  [python36.dll+0x1b74c]
C  [python36.dll+0x3b35b]
C  [python36.dll+0x6da5]
C  [python36.dll+0x6c87]
C  [python36.dll+0x1bb62]
C  [python36.dll+0x3b35b]
C  [python36.dll+0x3a95f]
C  [python36.dll+0x18979]
C  [python36.dll+0x3a6ce]
C  [python36.dll+0x18979]
C  [python36.dll+0x3a6ce]
C  [python36.dll+0x18979]
C  [python36.dll+0x3a6ce]
C  [python36.dll+0x18979]
C  [python36.dll+0x39eea]
C  [python36.dll+0xbf79]
C  [python36.dll+0xbaac]
C  [python36.dll+0xf9f9]
C  [python36.dll+0x1b74c]
C  [python36.dll+0x3b35b]
C  [python36.dll+0x6da5]
C  [python36.dll+0x6c87]
C  [python36.dll+0x1bb62]
C  [python36.dll+0x3b35b]
C  [python36.dll+0x3a95f]
C  [python36.dll+0x18979]
C  [python36.dll+0x3a6ce]
C  [python36.dll+0x18979]
C  [python36.dll+0x3a6ce]
C  [python36.dll+0x18979]
C  [python36.dll+0x3a6ce]
C  [python36.dll+0x18979]
...<more frames>...

Java frames: (J=compiled Java code, j=interpreted, Vv=VM code)
j  jep.Jep.run(JLjava/lang/String;)V+0
j  jep.Jep.runScript(Ljava/lang/String;Ljava/lang/ClassLoader;)V+82
j  jep.Jep.runScript(Ljava/lang/String;)V+3
j  eu.city4age.dashboard.api.service.JythonServiceTest.testJepMonotonicityNui()V+6
v  ~StubRoutines::call_stub
j  sun.reflect.NativeMethodAccessorImpl.invoke0(Ljava/lang/reflect/Method;Ljava/lang/Object;[Ljava/lang/Object;)Ljava/lang/Object;+0
j  sun.reflect.NativeMethodAccessorImpl.invoke(Ljava/lang/Object;[Ljava/lang/Object;)Ljava/lang/Object;+100
j  sun.reflect.DelegatingMethodAccessorImpl.invoke(Ljava/lang/Object;[Ljava/lang/Object;)Ljava/lang/Object;+6
j  java.lang.reflect.Method.invoke(Ljava/lang/Object;[Ljava/lang/Object;)Ljava/lang/Object;+56
j  org.junit.runners.model.FrameworkMethod$1.runReflectiveCall()Ljava/lang/Object;+15
j  org.junit.internal.runners.model.ReflectiveCallable.run()Ljava/lang/Object;+1
j  org.junit.runners.model.FrameworkMethod.invokeExplosively(Ljava/lang/Object;[Ljava/lang/Object;)Ljava/lang/Object;+10
j  org.junit.internal.runners.statements.InvokeMethod.evaluate()V+12
j  org.junit.internal.runners.statements.RunBefores.evaluate()V+49
j  org.junit.internal.runners.statements.RunAfters.evaluate()V+12
j  org.junit.runners.ParentRunner.runLeaf(Lorg/junit/runners/model/Statement;Lorg/junit/runner/Description;Lorg/junit/runner/notification/RunNotifier;)V+17
j  org.junit.runners.BlockJUnit4ClassRunner.runChild(Lorg/junit/runners/model/FrameworkMethod;Lorg/junit/runner/notification/RunNotifier;)V+30
j  org.junit.runners.BlockJUnit4ClassRunner.runChild(Ljava/lang/Object;Lorg/junit/runner/notification/RunNotifier;)V+6
j  org.junit.runners.ParentRunner$3.run()V+12
j  org.junit.runners.ParentRunner$1.schedule(Ljava/lang/Runnable;)V+1
j  org.junit.runners.ParentRunner.runChildren(Lorg/junit/runner/notification/RunNotifier;)V+44
j  org.junit.runners.ParentRunner.access$000(Lorg/junit/runners/ParentRunner;Lorg/junit/runner/notification/RunNotifier;)V+2
j  org.junit.runners.ParentRunner$2.evaluate()V+8
j  org.junit.runners.ParentRunner.run(Lorg/junit/runner/notification/RunNotifier;)V+20
j  org.mockito.internal.runners.JUnit45AndHigherRunnerImpl.run(Lorg/junit/runner/notification/RunNotifier;)V+17
j  org.mockito.runners.MockitoJUnitRunner.run(Lorg/junit/runner/notification/RunNotifier;)V+5
j  org.eclipse.jdt.internal.junit4.runner.JUnit4TestReference.run(Lorg/eclipse/jdt/internal/junit/runner/TestExecution;)V+72
j  org.eclipse.jdt.internal.junit.runner.TestExecution.run([Lorg/eclipse/jdt/internal/junit/runner/ITestReference;)V+17
j  org.eclipse.jdt.internal.junit.runner.RemoteTestRunner.runTests([Ljava/lang/String;Ljava/lang/String;Lorg/eclipse/jdt/internal/junit/runner/TestExecution;)V+61
j  org.eclipse.jdt.internal.junit.runner.RemoteTestRunner.runTests(Lorg/eclipse/jdt/internal/junit/runner/TestExecution;)V+10
j  org.eclipse.jdt.internal.junit.runner.RemoteTestRunner.run()V+70
j  org.eclipse.jdt.internal.junit.runner.RemoteTestRunner.main([Ljava/lang/String;)V+14
v  ~StubRoutines::call_stub

---------------  P R O C E S S  ---------------

Java Threads: ( => current thread )
  0x00000000237dd800 JavaThread "Thread-0" daemon [_thread_blocked, id=8868, stack(0x0000000024650000,0x0000000024750000)]
  0x0000000023272000 JavaThread "ReaderThread" [_thread_in_native, id=14268, stack(0x0000000024550000,0x0000000024650000)]
  0x00000000227b8800 JavaThread "Service Thread" daemon [_thread_blocked, id=22016, stack(0x0000000022b80000,0x0000000022c80000)]
  0x0000000020f37000 JavaThread "C1 CompilerThread2" daemon [_thread_blocked, id=8396, stack(0x0000000022680000,0x0000000022780000)]
  0x0000000020f30000 JavaThread "C2 CompilerThread1" daemon [_thread_blocked, id=11832, stack(0x0000000022580000,0x0000000022680000)]
  0x0000000020f2b800 JavaThread "C2 CompilerThread0" daemon [_thread_blocked, id=10764, stack(0x0000000022480000,0x0000000022580000)]
  0x0000000020f2a800 JavaThread "Attach Listener" daemon [_thread_blocked, id=16992, stack(0x0000000022380000,0x0000000022480000)]
  0x0000000020f29000 JavaThread "Signal Dispatcher" daemon [_thread_blocked, id=14940, stack(0x0000000022280000,0x0000000022380000)]
  0x00000000053de000 JavaThread "Finalizer" daemon [_thread_blocked, id=6868, stack(0x0000000022180000,0x0000000022280000)]
  0x0000000020ee9000 JavaThread "Reference Handler" daemon [_thread_blocked, id=7136, stack(0x0000000022080000,0x0000000022180000)]
=>0x00000000052e9800 JavaThread "main" [_thread_in_native, id=20608, stack(0x00000000051e0000,0x00000000052e0000)]

Other Threads:
  0x0000000020ee7000 VMThread [stack: 0x0000000021f80000,0x0000000022080000] [id=10916]
  0x00000000227f1800 WatcherThread [stack: 0x0000000022c80000,0x0000000022d80000] [id=7320]

VM state:not at safepoint (normal execution)

VM Mutex/Monitor currently owned by a thread: None

Heap:
 PSYoungGen      total 95744K, used 66016K [0x0000000755e00000, 0x000000075c880000, 0x00000007c0000000)
  eden space 82432K, 70% used [0x0000000755e00000,0x0000000759706f38,0x000000075ae80000)
  from space 13312K, 57% used [0x000000075ae80000,0x000000075b5f10f8,0x000000075bb80000)
  to   space 13312K, 0% used [0x000000075bb80000,0x000000075bb80000,0x000000075c880000)
 ParOldGen       total 218624K, used 8K [0x0000000681a00000, 0x000000068ef80000, 0x0000000755e00000)
  object space 218624K, 0% used [0x0000000681a00000,0x0000000681a02000,0x000000068ef80000)
 Metaspace       used 6548K, capacity 6618K, committed 6784K, reserved 1056768K
  class space    used 852K, capacity 885K, committed 896K, reserved 1048576K

Card table byte_map: [0x00000000147a0000,0x00000000151a0000] byte_map_base: 0x0000000011393000

Marking Bits: (ParMarkBitMap*) 0x0000000059060860
 Begin Bits: [0x0000000015c50000, 0x000000001abe8000)
 End Bits:   [0x000000001abe8000, 0x000000001fb80000)

Polling page: 0x0000000003230000

CodeCache: size=245760Kb used=3039Kb max_used=3066Kb free=242721Kb
 bounds [0x00000000053e0000, 0x00000000056f0000, 0x00000000143e0000]
 total_blobs=922 nmethods=637 adapters=198
 compilation: enabled

Compilation events (10 events):
Event: 1.437 Thread 0x0000000020f30000 nmethod 625 0x00000000056c7cd0 code [0x00000000056c7e40, 0x00000000056c81f8]
Event: 1.445 Thread 0x0000000020f2b800 nmethod 623 0x00000000056d3cd0 code [0x00000000056d3e40, 0x00000000056d4358]
Event: 1.723 Thread 0x0000000020f37000  633       3       jep.ClassList::isJavaPackage (32 bytes)
Event: 1.724 Thread 0x0000000020f37000 nmethod 633 0x00000000056d7390 code [0x00000000056d7520, 0x00000000056d78b8]
Event: 28.664 Thread 0x0000000020f37000  635       1       java.util.SubList::access$000 (5 bytes)
Event: 28.664 Thread 0x0000000020f37000 nmethod 635 0x00000000056d70d0 code [0x00000000056d7220, 0x00000000056d7310]
Event: 28.664 Thread 0x0000000020f37000  636       1       java.util.AbstractList$ListItr::nextIndex (5 bytes)
Event: 28.664 Thread 0x0000000020f37000 nmethod 636 0x00000000056d6e10 code [0x00000000056d6f60, 0x00000000056d7070]
Event: 28.664 Thread 0x0000000020f37000  637       1       java.util.SubList::access$200 (5 bytes)
Event: 28.664 Thread 0x0000000020f37000 nmethod 637 0x00000000056d6b50 code [0x00000000056d6ca0, 0x00000000056d6d90]

GC Heap History (2 events):
Event: 0.987 GC heap before
{Heap before GC invocations=1 (full 0):
 PSYoungGen      total 95744K, used 82432K [0x0000000755e00000, 0x000000075c880000, 0x00000007c0000000)
  eden space 82432K, 100% used [0x0000000755e00000,0x000000075ae80000,0x000000075ae80000)
  from space 13312K, 0% used [0x000000075bb80000,0x000000075bb80000,0x000000075c880000)
  to   space 13312K, 0% used [0x000000075ae80000,0x000000075ae80000,0x000000075bb80000)
 ParOldGen       total 218624K, used 0K [0x0000000681a00000, 0x000000068ef80000, 0x0000000755e00000)
  object space 218624K, 0% used [0x0000000681a00000,0x0000000681a00000,0x000000068ef80000)
 Metaspace       used 5486K, capacity 5594K, committed 5888K, reserved 1056768K
  class space    used 661K, capacity 693K, committed 768K, reserved 1048576K
Event: 0.992 GC heap after
Heap after GC invocations=1 (full 0):
 PSYoungGen      total 95744K, used 7620K [0x0000000755e00000, 0x000000075c880000, 0x00000007c0000000)
  eden space 82432K, 0% used [0x0000000755e00000,0x0000000755e00000,0x000000075ae80000)
  from space 13312K, 57% used [0x000000075ae80000,0x000000075b5f10f8,0x000000075bb80000)
  to   space 13312K, 0% used [0x000000075bb80000,0x000000075bb80000,0x000000075c880000)
 ParOldGen       total 218624K, used 8K [0x0000000681a00000, 0x000000068ef80000, 0x0000000755e00000)
  object space 218624K, 0% used [0x0000000681a00000,0x0000000681a02000,0x000000068ef80000)
 Metaspace       used 5486K, capacity 5594K, committed 5888K, reserved 1056768K
  class space    used 661K, capacity 693K, committed 768K, reserved 1048576K
}

Deoptimization events (10 events):
Event: 0.355 Thread 0x00000000052e9800 Uncommon trap: reason=unstable_if action=reinterpret pc=0x00000000054e35f4 method=java.lang.String.hashCode()I @ 14
Event: 0.608 Thread 0x00000000052e9800 Uncommon trap: reason=unstable_if action=reinterpret pc=0x000000000558e274 method=java.io.WinNTFileSystem.normalize(Ljava/lang/String;)Ljava/lang/String; @ 128
Event: 0.824 Thread 0x00000000052e9800 Uncommon trap: reason=unloaded action=reinterpret pc=0x000000000561fcc0 method=java.util.zip.ZipEntry.setExtra0([BZ)V @ 37
Event: 0.943 Thread 0x00000000052e9800 Uncommon trap: reason=null_assert action=make_not_entrant pc=0x00000000056384d0 method=java.util.zip.ZipEntry.setExtra0([BZ)V @ 269
Event: 0.943 Thread 0x00000000052e9800 Uncommon trap: reason=null_assert action=make_not_entrant pc=0x0000000005636410 method=java.util.zip.ZipEntry.<init>(Ljava/util/zip/ZipEntry;)V @ 70
Event: 0.943 Thread 0x00000000052e9800 Uncommon trap: reason=null_assert action=make_not_entrant pc=0x0000000005620768 method=java.util.zip.ZipEntry.<init>(Ljava/util/zip/ZipEntry;)V @ 70
Event: 0.960 Thread 0x00000000052e9800 Uncommon trap: reason=unstable_if action=reinterpret pc=0x00000000056513cc method=jep.ClassList.addClass(Ljava/lang/String;Ljava/lang/String;)V @ 71
Event: 1.161 Thread 0x00000000052e9800 Uncommon trap: reason=class_check action=maybe_recompile pc=0x0000000005680e3c method=java.util.AbstractCollection.toArray([Ljava/lang/Object;)[Ljava/lang/Object; @ 1
Event: 1.222 Thread 0x00000000052e9800 Uncommon trap: reason=class_check action=maybe_recompile pc=0x0000000005680e3c method=java.util.AbstractCollection.toArray([Ljava/lang/Object;)[Ljava/lang/Object; @ 1
Event: 28.663 Thread 0x00000000052e9800 Uncommon trap: reason=class_check action=maybe_recompile pc=0x0000000005680e3c method=java.util.AbstractCollection.toArray([Ljava/lang/Object;)[Ljava/lang/Object; @ 1

Classes redefined (0 events):
No events

Internal exceptions (10 events):
Event: 0.316 Thread 0x00000000052e9800 Exception <a 'java/security/PrivilegedActionException'> (0x0000000756218048) thrown at [C:\re\workspace\8-2-build-windows-amd64-cygwin\jdk8u152\9742\hotspot\src\share\vm\prims\jvm.cpp, line 1390]
Event: 0.316 Thread 0x00000000052e9800 Exception <a 'java/security/PrivilegedActionException'> (0x0000000756218258) thrown at [C:\re\workspace\8-2-build-windows-amd64-cygwin\jdk8u152\9742\hotspot\src\share\vm\prims\jvm.cpp, line 1390]
Event: 0.316 Thread 0x00000000052e9800 Exception <a 'java/security/PrivilegedActionException'> (0x0000000756219488) thrown at [C:\re\workspace\8-2-build-windows-amd64-cygwin\jdk8u152\9742\hotspot\src\share\vm\prims\jvm.cpp, line 1390]
Event: 0.316 Thread 0x00000000052e9800 Exception <a 'java/security/PrivilegedActionException'> (0x0000000756219698) thrown at [C:\re\workspace\8-2-build-windows-amd64-cygwin\jdk8u152\9742\hotspot\src\share\vm\prims\jvm.cpp, line 1390]
Event: 0.317 Thread 0x00000000052e9800 Exception <a 'java/security/PrivilegedActionException'> (0x000000075621a980) thrown at [C:\re\workspace\8-2-build-windows-amd64-cygwin\jdk8u152\9742\hotspot\src\share\vm\prims\jvm.cpp, line 1390]
Event: 0.317 Thread 0x00000000052e9800 Exception <a 'java/security/PrivilegedActionException'> (0x000000075621ab90) thrown at [C:\re\workspace\8-2-build-windows-amd64-cygwin\jdk8u152\9742\hotspot\src\share\vm\prims\jvm.cpp, line 1390]
Event: 0.513 Thread 0x00000000052e9800 Exception <a 'java/security/PrivilegedActionException'> (0x00000007569a2518) thrown at [C:\re\workspace\8-2-build-windows-amd64-cygwin\jdk8u152\9742\hotspot\src\share\vm\prims\jvm.cpp, line 1390]
Event: 0.513 Thread 0x00000000052e9800 Exception <a 'java/security/PrivilegedActionException'> (0x00000007569a2910) thrown at [C:\re\workspace\8-2-build-windows-amd64-cygwin\jdk8u152\9742\hotspot\src\share\vm\prims\jvm.cpp, line 1390]
Event: 0.513 Thread 0x00000000052e9800 Exception <a 'java/security/PrivilegedActionException'> (0x00000007569a6950) thrown at [C:\re\workspace\8-2-build-windows-amd64-cygwin\jdk8u152\9742\hotspot\src\share\vm\prims\jvm.cpp, line 1390]
Event: 0.513 Thread 0x00000000052e9800 Exception <a 'java/security/PrivilegedActionException'> (0x00000007569a6d48) thrown at [C:\re\workspace\8-2-build-windows-amd64-cygwin\jdk8u152\9742\hotspot\src\share\vm\prims\jvm.cpp, line 1390]

Events (10 events):
Event: 1.433 Thread 0x00000000052e9800 DEOPT UNPACKING pc=0x000000000542787f sp=0x00000000052d1cc0 mode 0
Event: 1.434 Thread 0x00000000052e9800 DEOPT PACKING pc=0x00000000056bdc61 sp=0x00000000052d1f90
Event: 1.434 Thread 0x00000000052e9800 DEOPT UNPACKING pc=0x000000000542787f sp=0x00000000052d1cc0 mode 0
Event: 1.434 loading class org/python/core/PyDataDescr
Event: 1.434 loading class org/python/core/PyDataDescr done
Event: 4.238 Executing VM operation: EnableBiasedLocking
Event: 4.238 Executing VM operation: EnableBiasedLocking done
Event: 28.663 Thread 0x00000000052e9800 Uncommon trap: trap_request=0xffffffde fr.pc=0x0000000005680e3c
Event: 28.663 Thread 0x00000000052e9800 DEOPT PACKING pc=0x0000000005680e3c sp=0x00000000052de6c0
Event: 28.663 Thread 0x00000000052e9800 DEOPT UNPACKING pc=0x000000000542582a sp=0x00000000052de688 mode 2


Dynamic libraries:
0x00007ff67f3b0000 - 0x00007ff67f3e7000 	C:\Program Files\Java\jre1.8.0_152\bin\javaw.exe
0x00007ffb75170000 - 0x00007ffb75350000 	C:\WINDOWS\SYSTEM32\ntdll.dll
0x00007ffb746e0000 - 0x00007ffb7478e000 	C:\WINDOWS\System32\KERNEL32.DLL
0x00007ffb717f0000 - 0x00007ffb71a56000 	C:\WINDOWS\System32\KERNELBASE.dll
0x00007ffb730a0000 - 0x00007ffb73141000 	C:\WINDOWS\System32\ADVAPI32.dll
0x00007ffb72640000 - 0x00007ffb726dd000 	C:\WINDOWS\System32\msvcrt.dll
0x00007ffb72f50000 - 0x00007ffb72fab000 	C:\WINDOWS\System32\sechost.dll
0x00007ffb72c50000 - 0x00007ffb72d6f000 	C:\WINDOWS\System32\RPCRT4.dll
0x00007ffb72ac0000 - 0x00007ffb72c4f000 	C:\WINDOWS\System32\USER32.dll
0x00007ffb72620000 - 0x00007ffb72640000 	C:\WINDOWS\System32\win32u.dll
0x00007ffb75100000 - 0x00007ffb75128000 	C:\WINDOWS\System32\GDI32.dll
0x00007ffb723d0000 - 0x00007ffb72563000 	C:\WINDOWS\System32\gdi32full.dll
0x00007ffb715f0000 - 0x00007ffb7168b000 	C:\WINDOWS\System32\msvcp_win.dll
0x00007ffb716f0000 - 0x00007ffb717e6000 	C:\WINDOWS\System32\ucrtbase.dll
0x00007ffb66580000 - 0x00007ffb667e9000 	C:\WINDOWS\WinSxS\amd64_microsoft.windows.common-controls_6595b64144ccf1df_6.0.16299.98_none_cc930a042215c348\COMCTL32.dll
0x00007ffb74bf0000 - 0x00007ffb74ef8000 	C:\WINDOWS\System32\combase.dll
0x00007ffb71570000 - 0x00007ffb715e2000 	C:\WINDOWS\System32\bcryptPrimitives.dll
0x00007ffb75050000 - 0x00007ffb7507d000 	C:\WINDOWS\System32\IMM32.DLL
0x0000000059390000 - 0x0000000059462000 	C:\Program Files\Java\jre1.8.0_152\bin\msvcr100.dll
0x0000000058840000 - 0x00000000590e0000 	C:\Program Files\Java\jre1.8.0_152\bin\server\jvm.dll
0x00007ffb75130000 - 0x00007ffb75138000 	C:\WINDOWS\System32\PSAPI.DLL
0x00007ffb66810000 - 0x00007ffb6681a000 	C:\WINDOWS\SYSTEM32\VERSION.dll
0x00007ffb62690000 - 0x00007ffb62699000 	C:\WINDOWS\SYSTEM32\WSOCK32.dll
0x00007ffb688c0000 - 0x00007ffb688e3000 	C:\WINDOWS\SYSTEM32\WINMM.dll
0x00007ffb72ee0000 - 0x00007ffb72f4c000 	C:\WINDOWS\System32\WS2_32.dll
0x00007ffb68890000 - 0x00007ffb688ba000 	C:\WINDOWS\SYSTEM32\winmmbase.dll
0x00007ffb721b0000 - 0x00007ffb721fa000 	C:\WINDOWS\System32\cfgmgr32.dll
0x0000000059610000 - 0x000000005961f000 	C:\Program Files\Java\jre1.8.0_152\bin\verify.dll
0x00000000595e0000 - 0x0000000059609000 	C:\Program Files\Java\jre1.8.0_152\bin\java.dll
0x00000000595c0000 - 0x00000000595d6000 	C:\Program Files\Java\jre1.8.0_152\bin\zip.dll
0x00007ffb73150000 - 0x00007ffb74586000 	C:\WINDOWS\System32\SHELL32.dll
0x00007ffb74fa0000 - 0x00007ffb75046000 	C:\WINDOWS\System32\shcore.dll
0x00007ffb71a60000 - 0x00007ffb721a7000 	C:\WINDOWS\System32\windows.storage.dll
0x00007ffb726e0000 - 0x00007ffb72731000 	C:\WINDOWS\System32\shlwapi.dll
0x00007ffb714c0000 - 0x00007ffb714d1000 	C:\WINDOWS\System32\kernel.appcore.dll
0x00007ffb714e0000 - 0x00007ffb7152c000 	C:\WINDOWS\System32\powrprof.dll
0x00007ffb71550000 - 0x00007ffb7156b000 	C:\WINDOWS\System32\profapi.dll
0x00000000595a0000 - 0x00000000595ba000 	C:\Program Files\Java\jre1.8.0_152\bin\net.dll
0x00007ffb70d50000 - 0x00007ffb70db6000 	C:\WINDOWS\system32\mswsock.dll
0x00007ffb569c0000 - 0x00007ffb569e7000 	C:\Users\marina.andric\AppData\Local\Programs\Python\Python36\Lib\site-packages\jep\jep.dll
0x00007ffb5b240000 - 0x00007ffb5b256000 	C:\Program Files\Java\jre1.8.0_152\bin\VCRUNTIME140.dll
0x0000000056d80000 - 0x0000000057120000 	C:\Users\marina.andric\AppData\Local\Programs\Python\Python36\python36.dll
0x00007ffb74590000 - 0x00007ffb746d9000 	C:\WINDOWS\System32\ole32.dll
0x00007ffb72fd0000 - 0x00007ffb73095000 	C:\WINDOWS\System32\OLEAUT32.dll
0x00007ffb70f10000 - 0x00007ffb70f27000 	C:\WINDOWS\SYSTEM32\CRYPTSP.dll
0x00007ffb70960000 - 0x00007ffb70993000 	C:\WINDOWS\system32\rsaenh.dll
0x00007ffb71020000 - 0x00007ffb71045000 	C:\WINDOWS\SYSTEM32\bcrypt.dll
0x00007ffb70f30000 - 0x00007ffb70f3b000 	C:\WINDOWS\SYSTEM32\CRYPTBASE.dll
0x00007ffb6cb70000 - 0x00007ffb6cb7f000 	C:\Users\marina.andric\AppData\Local\Programs\Python\Python36\python3.dll
0x00007ffb3dc00000 - 0x00007ffb3dd91000 	C:\Users\marina.andric\AppData\Local\Programs\Python\Python36\lib\site-packages\numpy\core\multiarray.cp36-win_amd64.pyd
0x000000006d380000 - 0x000000006f7fa000 	C:\Users\marina.andric\AppData\Local\Programs\Python\Python36\lib\site-packages\numpy\core\libopenblas_v0.2.20_mingwpy.dll
0x00007ffb445c0000 - 0x00007ffb4468b000 	C:\Users\marina.andric\AppData\Local\Programs\Python\Python36\lib\site-packages\numpy\core\umath.cp36-win_amd64.pyd
0x00000000587b0000 - 0x00000000587d3000 	C:\Users\marina.andric\AppData\Local\Programs\Python\Python36\DLLs\_ctypes.pyd
0x0000000059340000 - 0x000000005935a000 	C:\Users\marina.andric\AppData\Local\Programs\Python\Python36\DLLs\_bz2.pyd
0x00007ffb592e0000 - 0x00007ffb59322000 	C:\Users\marina.andric\AppData\Local\Programs\Python\Python36\DLLs\_lzma.pyd
0x00007ffb47220000 - 0x00007ffb473bc000 	C:\Users\marina.andric\AppData\Local\Programs\Python\Python36\DLLs\_hashlib.pyd
0x00007ffb6d220000 - 0x00007ffb6d22b000 	C:\Users\marina.andric\AppData\Local\Programs\Python\Python36\lib\site-packages\numpy\linalg\lapack_lite.cp36-win_amd64.pyd
0x00007ffb59650000 - 0x00007ffb5966a000 	C:\Users\marina.andric\AppData\Local\Programs\Python\Python36\lib\site-packages\numpy\linalg\_umath_linalg.cp36-win_amd64.pyd
0x00007ffb593c0000 - 0x00007ffb593d8000 	C:\Users\marina.andric\AppData\Local\Programs\Python\Python36\lib\site-packages\numpy\fft\fftpack_lite.cp36-win_amd64.pyd
0x00007ffb3f940000 - 0x00007ffb3f9f0000 	C:\Users\marina.andric\AppData\Local\Programs\Python\Python36\lib\site-packages\numpy\random\mtrand.cp36-win_amd64.pyd
0x0000000058680000 - 0x0000000058760000 	C:\Users\marina.andric\AppData\Local\Programs\Python\Python36\DLLs\unicodedata.pyd
0x00000000587e0000 - 0x00000000587f5000 	C:\Users\marina.andric\AppData\Local\Programs\Python\Python36\DLLs\_socket.pyd
0x0000000059330000 - 0x000000005933a000 	C:\Users\marina.andric\AppData\Local\Programs\Python\Python36\DLLs\select.pyd
0x00007ffb413b0000 - 0x00007ffb415ad000 	C:\Users\marina.andric\AppData\Local\Programs\Python\Python36\DLLs\_ssl.pyd
0x00007ffb72200000 - 0x00007ffb723ce000 	C:\WINDOWS\System32\CRYPT32.dll
0x00007ffb71530000 - 0x00007ffb71542000 	C:\WINDOWS\System32\MSASN1.dll
0x00007ffb3db20000 - 0x00007ffb3dbfa000 	C:\Users\marina.andric\AppData\Local\Programs\Python\Python36\lib\site-packages\pandas\_libs\tslib.cp36-win_amd64.pyd
0x00007ffb593a0000 - 0x00007ffb593b4000 	C:\Users\marina.andric\AppData\Local\Programs\Python\Python36\lib\site-packages\pandas\_libs\tslibs\timedeltas.cp36-win_amd64.pyd
0x00007ffb51490000 - 0x00007ffb514ab000 	C:\Users\marina.andric\AppData\Local\Programs\Python\Python36\lib\site-packages\pandas\_libs\tslibs\timezones.cp36-win_amd64.pyd
0x00007ffb4d230000 - 0x00007ffb4d268000 	C:\Users\marina.andric\AppData\Local\Programs\Python\Python36\lib\site-packages\pandas\_libs\tslibs\parsing.cp36-win_amd64.pyd
0x00007ffb4ffc0000 - 0x00007ffb4ffdf000 	C:\Users\marina.andric\AppData\Local\Programs\Python\Python36\lib\site-packages\pandas\_libs\tslibs\fields.cp36-win_amd64.pyd
0x00007ffb3daa0000 - 0x00007ffb3db1f000 	C:\Users\marina.andric\AppData\Local\Programs\Python\Python36\lib\site-packages\pandas\_libs\hashtable.cp36-win_amd64.pyd
0x00007ffb3d9c0000 - 0x00007ffb3da9a000 	C:\Users\marina.andric\AppData\Local\Programs\Python\Python36\lib\site-packages\pandas\_libs\lib.cp36-win_amd64.pyd
0x00007ffb3d610000 - 0x00007ffb3d776000 	C:\Users\marina.andric\AppData\Local\Programs\Python\Python36\lib\site-packages\pandas\_libs\interval.cp36-win_amd64.pyd
0x0000000058760000 - 0x00000000587a4000 	C:\Users\marina.andric\AppData\Local\Programs\Python\Python36\DLLs\_decimal.pyd
0x00007ffb3d070000 - 0x00007ffb3d1a9000 	C:\Users\marina.andric\AppData\Local\Programs\Python\Python36\lib\site-packages\pandas\_libs\algos.cp36-win_amd64.pyd
0x00007ffb4ff30000 - 0x00007ffb4ff44000 	C:\Users\marina.andric\AppData\Local\Programs\Python\Python36\lib\site-packages\pandas\_libs\properties.cp36-win_amd64.pyd
0x00007ffb4d2b0000 - 0x00007ffb4d2c3000 	C:\Users\marina.andric\AppData\Local\Programs\Python\Python36\lib\site-packages\pandas\_libs\hashing.cp36-win_amd64.pyd
0x00007ffb3f2a0000 - 0x00007ffb3f2ff000 	C:\Users\marina.andric\AppData\Local\Programs\Python\Python36\lib\site-packages\pandas\_libs\index.cp36-win_amd64.pyd
0x00007ffb1f840000 - 0x00007ffb1f9e7000 	C:\Users\marina.andric\AppData\Local\Programs\Python\Python36\lib\site-packages\pandas\_libs\join.cp36-win_amd64.pyd
0x00007ffb4aeb0000 - 0x00007ffb4aee4000 	C:\Users\marina.andric\AppData\Local\Programs\Python\Python36\lib\site-packages\pandas\_libs\tslibs\strptime.cp36-win_amd64.pyd
0x00007ffb4d210000 - 0x00007ffb4d224000 	C:\Users\marina.andric\AppData\Local\Programs\Python\Python36\lib\site-packages\pandas\_libs\tslibs\frequencies.cp36-win_amd64.pyd
0x00007ffb48580000 - 0x00007ffb485cd000 	C:\Users\marina.andric\AppData\Local\Programs\Python\Python36\lib\site-packages\pandas\_libs\period.cp36-win_amd64.pyd
0x00007ffb3d560000 - 0x00007ffb3d610000 	C:\Users\marina.andric\AppData\Local\Programs\Python\Python36\lib\site-packages\pandas\_libs\sparse.cp36-win_amd64.pyd
0x00007ffb4a8d0000 - 0x00007ffb4a8fd000 	C:\Users\marina.andric\AppData\Local\Programs\Python\Python36\lib\site-packages\matplotlib\_path.cp36-win_amd64.pyd
0x00007ffb4de90000 - 0x00007ffb4df2d000 	C:\Users\marina.andric\AppData\Local\Programs\Python\Python36\lib\site-packages\matplotlib\MSVCP140.dll
0x00007ffb1f240000 - 0x00007ffb1f2c6000 	C:\Users\marina.andric\AppData\Local\Programs\Python\Python36\lib\site-packages\pandas\_libs\window.cp36-win_amd64.pyd
0x00007ffb1ef40000 - 0x00007ffb1efc9000 	C:\Users\marina.andric\AppData\Local\Programs\Python\Python36\lib\site-packages\pandas\_libs\groupby.cp36-win_amd64.pyd
0x00007ffb4cf80000 - 0x00007ffb4cf9c000 	C:\Users\marina.andric\AppData\Local\Programs\Python\Python36\lib\site-packages\pandas\_libs\reshape.cp36-win_amd64.pyd
0x00007ffb1f630000 - 0x00007ffb1f699000 	C:\Users\marina.andric\AppData\Local\Programs\Python\Python36\lib\site-packages\pandas\_libs\parsers.cp36-win_amd64.pyd
0x00007ffb4a710000 - 0x00007ffb4a727000 	C:\Users\marina.andric\AppData\Local\Programs\Python\Python36\lib\site-packages\pandas\_libs\json.cp36-win_amd64.pyd
0x00007ffb492f0000 - 0x00007ffb49306000 	C:\Users\marina.andric\AppData\Local\Programs\Python\Python36\lib\site-packages\pandas\io\msgpack\_packer.cp36-win_amd64.pyd
0x00007ffb491d0000 - 0x00007ffb491ea000 	C:\Users\marina.andric\AppData\Local\Programs\Python\Python36\lib\site-packages\pandas\io\msgpack\_unpacker.cp36-win_amd64.pyd
0x00007ffb68070000 - 0x00007ffb68079000 	C:\Users\marina.andric\AppData\Local\Programs\Python\Python36\lib\site-packages\pandas\util\_move.cp36-win_amd64.pyd
0x00007ffb49060000 - 0x00007ffb49076000 	C:\Users\marina.andric\AppData\Local\Programs\Python\Python36\lib\site-packages\pandas\_libs\testing.cp36-win_amd64.pyd
0x00007ffb67de0000 - 0x00007ffb67dea000 	C:\Users\marina.andric\AppData\Local\Programs\Python\Python36\lib\site-packages\sklearn\__check_build\_check_build.cp36-win_amd64.pyd
0x00007ffb5b6c0000 - 0x00007ffb5b6d6000 	C:\Users\marina.andric\AppData\Local\Programs\Python\Python36\lib\site-packages\scipy\_lib\_ccallback_c.cp36-win_amd64.pyd
0x00007ffb3b4f0000 - 0x00007ffb3b745000 	C:\Users\marina.andric\AppData\Local\Programs\Python\Python36\lib\site-packages\scipy\sparse\_sparsetools.cp36-win_amd64.pyd
0x00007ffb476b0000 - 0x00007ffb4771b000 	C:\Users\marina.andric\AppData\Local\Programs\Python\Python36\lib\site-packages\scipy\sparse\_csparsetools.cp36-win_amd64.pyd
0x00007ffb56cd0000 - 0x00007ffb56ce6000 	C:\Users\marina.andric\AppData\Local\Programs\Python\Python36\lib\site-packages\sklearn\utils\murmurhash.cp36-win_amd64.pyd
0x00007ffb56990000 - 0x00007ffb569b3000 	C:\Users\marina.andric\AppData\Local\Programs\Python\Python36\lib\site-packages\scipy\sparse\linalg\isolve\_iterative.cp36-win_amd64.pyd
0x0000000067ec0000 - 0x0000000067f26000 	C:\Users\marina.andric\AppData\Local\Programs\Python\Python36\lib\site-packages\scipy\extra-dll\libSTOPTEST.B2ZVH7DO5DVZYDS75ZSCHXD5G43HCYD4.gfortran-win_amd64.dll
0x000000002db10000 - 0x000000002ff67000 	C:\Users\marina.andric\AppData\Local\Programs\Python\Python36\lib\site-packages\scipy\extra-dll\libopenblas.BNVRK7633HSX7YVO2TADGR4A5KEKXJAW.gfortran-win_amd64.dll
0x00007ffb443a0000 - 0x00007ffb44432000 	C:\Users\marina.andric\AppData\Local\Programs\Python\Python36\lib\site-packages\scipy\linalg\_fblas.cp36-win_amd64.pyd
0x0000000070f80000 - 0x0000000070f9d000 	C:\Users\marina.andric\AppData\Local\Programs\Python\Python36\lib\site-packages\scipy\extra-dll\libwrap_dum.JPPGMGH3MZCSHXFMQQGFOSCGZ7ZEQKKE.gfortran-win_amd64.dll
0x00007ffb3de90000 - 0x00007ffb3dfae000 	C:\Users\marina.andric\AppData\Local\Programs\Python\Python36\lib\site-packages\scipy\linalg\_flapack.cp36-win_amd64.pyd
0x0000000061ec0000 - 0x0000000061ef6000 	C:\Users\marina.andric\AppData\Local\Programs\Python\Python36\lib\site-packages\scipy\extra-dll\libwrap_dum.26QQ3L55FU6KXMGPYDA53KYMCT2TU35H.gfortran-win_amd64.dll
0x00007ffb56cb0000 - 0x00007ffb56cc2000 	C:\Users\marina.andric\AppData\Local\Programs\Python\Python36\lib\site-packages\scipy\linalg\_flinalg.cp36-win_amd64.pyd
0x0000000065a80000 - 0x0000000065a9e000 	C:\Users\marina.andric\AppData\Local\Programs\Python\Python36\lib\site-packages\scipy\extra-dll\libdet.CF6EYFUDEYPH43I3Z6PMABQVSHN33WMB.gfortran-win_amd64.dll
0x00007ffb53850000 - 0x00007ffb53885000 	C:\Users\marina.andric\AppData\Local\Programs\Python\Python36\lib\site-packages\scipy\linalg\_solve_toeplitz.cp36-win_amd64.pyd
0x00007ffb44350000 - 0x00007ffb44393000 	C:\Users\marina.andric\AppData\Local\Programs\Python\Python36\lib\site-packages\scipy\linalg\_decomp_update.cp36-win_amd64.pyd
0x00007ffb44310000 - 0x00007ffb4434a000 	C:\Users\marina.andric\AppData\Local\Programs\Python\Python36\lib\site-packages\scipy\linalg\cython_blas.cp36-win_amd64.pyd
0x000000006b140000 - 0x000000006b16b000 	C:\Users\marina.andric\AppData\Local\Programs\Python\Python36\lib\site-packages\scipy\extra-dll\lib_blas_su.SU77LBR3GCSGWOMPF2EOOUNRTVGOH5QW.gfortran-win_amd64.dll
0x00007ffb42a40000 - 0x00007ffb42ad9000 	C:\Users\marina.andric\AppData\Local\Programs\Python\Python36\lib\site-packages\scipy\linalg\cython_lapack.cp36-win_amd64.pyd
0x00007ffb442c0000 - 0x00007ffb4430d000 	C:\Users\marina.andric\AppData\Local\Programs\Python\Python36\lib\site-packages\scipy\sparse\linalg\dsolve\_superlu.cp36-win_amd64.pyd
0x00007ffb49370000 - 0x00007ffb49397000 	C:\Users\marina.andric\AppData\Local\Programs\Python\Python36\lib\site-packages\scipy\sparse\linalg\eigen\arpack\_arpack.cp36-win_amd64.pyd
0x000000006a6c0000 - 0x000000006a856000 	C:\Users\marina.andric\AppData\Local\Programs\Python\Python36\lib\site-packages\scipy\extra-dll\lib_arpack-.E27K2SF75AFV2JAJA2UCDNNFYUB5PRKN.gfortran-win_amd64.dll
0x00007ffb3dde0000 - 0x00007ffb3de81000 	C:\Users\marina.andric\AppData\Local\Programs\Python\Python36\lib\site-packages\scipy\special\_ufuncs.cp36-win_amd64.pyd
0x0000000071180000 - 0x0000000071409000 	C:\Users\marina.andric\AppData\Local\Programs\Python\Python36\lib\site-packages\scipy\extra-dll\libdgamln.HCGQFIEXCOZOROCO5Y4HSBVSKT76OCHM.gfortran-win_amd64.dll
0x00007ffb56970000 - 0x00007ffb5698b000 	C:\Users\marina.andric\AppData\Local\Programs\Python\Python36\lib\site-packages\scipy\special\_ufuncs_cxx.cp36-win_amd64.pyd
0x00007ffb48160000 - 0x00007ffb4817e000 	C:\Users\marina.andric\AppData\Local\Programs\Python\Python36\lib\site-packages\scipy\special\specfun.cp36-win_amd64.pyd
0x0000000068180000 - 0x00000000682f7000 	C:\Users\marina.andric\AppData\Local\Programs\Python\Python36\lib\site-packages\scipy\extra-dll\libspecfun.PT6DS3HUOGYNSXUO4OUKK6ATA7B5KP2K.gfortran-win_amd64.dll
0x00007ffb67dd0000 - 0x00007ffb67ddd000 	C:\Users\marina.andric\AppData\Local\Programs\Python\Python36\lib\site-packages\scipy\special\_comb.cp36-win_amd64.pyd
0x00007ffb47f40000 - 0x00007ffb47f55000 	C:\Users\marina.andric\AppData\Local\Programs\Python\Python36\lib\site-packages\scipy\special\_ellip_harm_2.cp36-win_amd64.pyd
0x00007ffb5b5c0000 - 0x00007ffb5b5cc000 	C:\Users\marina.andric\AppData\Local\Programs\Python\Python36\lib\site-packages\scipy\integrate\_odepack.cp36-win_amd64.pyd
0x0000000067800000 - 0x00000000678a4000 	C:\Users\marina.andric\AppData\Local\Programs\Python\Python36\lib\site-packages\scipy\extra-dll\libblkdta00.G3LQYBY5GAOR5JJGRXYUWYKKDP4OKP2G.gfortran-win_amd64.dll
0x00007ffb5b290000 - 0x00007ffb5b29f000 	C:\Users\marina.andric\AppData\Local\Programs\Python\Python36\lib\site-packages\scipy\integrate\_quadpack.cp36-win_amd64.pyd
0x00000000365b0000 - 0x0000000036673000 	C:\Users\marina.andric\AppData\Local\Programs\Python\Python36\lib\site-packages\scipy\extra-dll\libdqag.XYDTZMPTRTODHGZ2AIXJLHZ6K7SZTGO7.gfortran-win_amd64.dll

VM Arguments:
jvm_args: -ea -Dfile.encoding=UTF-8 
java_command: org.eclipse.jdt.internal.junit.runner.RemoteTestRunner -version 3 -port 57945 -testLoaderClass org.eclipse.jdt.internal.junit4.runner.JUnit4TestLoader -loaderpluginname org.eclipse.jdt.junit4.runtime -classNames eu.city4age.dashboard.api.service.JythonServiceTest
java_class_path (initial): C:\Users\marina.andric\Documents\GitHub\anagraph_withClustering\backend\target\test-classes;C:\Users\marina.andric\Documents\GitHub\anagraph_withClustering\backend\target\classes;C:\Users\marina.andric\.m2\repository\javax\validation\validation-api\1.1.0.Final\validation-api-1.1.0.Final.jar;C:\Users\marina.andric\.m2\repository\javax\annotation\javax.annotation-api\1.2\javax.annotation-api-1.2.jar;C:\Users\marina.andric\.m2\repository\javax\transaction\javax.transaction-api\1.2\javax.transaction-api-1.2.jar;C:\Users\marina.andric\.m2\repository\org\hibernate\javax\persistence\hibernate-jpa-2.1-api\1.0.0.Final\hibernate-jpa-2.1-api-1.0.0.Final.jar;C:\Users\marina.andric\.m2\repository\antlr\antlr\2.7.7\antlr-2.7.7.jar;C:\Users\marina.andric\.m2\repository\dom4j\dom4j\1.6.1\dom4j-1.6.1.jar;C:\Users\marina.andric\.m2\repository\junit\junit\4.12\junit-4.12.jar;C:\Users\marina.andric\.m2\repository\org\hamcrest\hamcrest-core\1.3\hamcrest-core-1.3.jar;C:\Users\marina.andric\.m2\repository\org\mockito\mockito-core\1.10.19\mockito-core-1.10.19.jar;C:\Users\marina.andric\.m2\repository\org\objenesis\objenesis\2.1\objenesis-2.1.jar;C:\Users\marina.andric\.m2\repository\org\hamcrest\hamcrest-library\1.3\hamcrest-library-1.3.jar;C:\Users\marina.andric\.m2\repository\org\glassfish\hk2\osgi-resource-locator\1.0.1\osgi-resource-locator-1.0.1.jar;C:\Users\marina.andric\.m2\repository\org\jvnet\tiger-types\1.4\tiger-types-1.4.jar;C:\Users\marina.andric\Documents\GitHub\anagraph_withClustering\backend\src\main\webapp\WEB-INF\lib\jep-3.7.1.jar;C:\Users\marina.andric\.m2\repository\org\springframework\boot\spring-boot-starter-web\1.5.8.RELEASE\spring-boot-starter-web-1.5.8.RELEASE.jar;C:\Users\marina.andric\.m2\repository\org\hibernate\hibernate-validator\5.3.5.Final\hibernate-validator-5.3.5.Final.jar;C:\Users\marina.andric\.m2\repository\org\jboss\logging\jboss-logging\3.3.1.Final\jboss-logging-3.3.1.Final.jar;C:\Users\marina.andric\.m2\repository\com\fas
Launcher Type: SUN_STANDARD

Environment Variables:
JAVA_HOME=C:\Program Files\Java\jdk1.8.0_152
JRE_HOME=C:\Program Files\Java\jre1.8.0_152
CLASSPATH=C:\Users\marina.andric\eclipse-workspace\postgresqlDriver\postgresql-42.1.4.jar;C:\Users\marina.andric\eclipse-workspace\postgresqlDriver;C:\Users\marina.andric;
PATH=C:/Program Files/Java/jre1.8.0_152/bin/server;C:/Program Files/Java/jre1.8.0_152/bin;C:/Program Files/Java/jre1.8.0_152/lib/amd64;C:\ProgramData\Oracle\Java\javapath;C:\apache-maven-3.5.2\bin;C:\Program Files\Java\jdk1.8.0_152\bin;C:\Program Files (x86)\Intel\iCLS Client\;C:\Program Files\Intel\iCLS Client\;C:\WINDOWS\system32;C:\WINDOWS;C:\WINDOWS\System32\Wbem;C:\WINDOWS\System32\WindowsPowerShell\v1.0\;C:\Program Files (x86)\Intel\Intel(R) Management Engine Components\DAL;C:\Program Files\Intel\Intel(R) Management Engine Components\DAL;C:\Program Files (x86)\Intel\Intel(R) Management Engine Components\IPT;C:\Program Files\Intel\Intel(R) Management Engine Components\IPT;C:\Program Files\PuTTY\;C:\Program Files\OpenSSH\bin;C:\Program Files (x86)\Java\jre1.8.0_151\bin;C:\Users\marina.andric\Downloads\spark-2.2.0-bin-hadoop2.7\bin;C:\Program Files\MiKTeX 2.9\miktex\bin\x64\;C:\Program Files\Git\cmd;C:\Users\marina.andric\AppData\Local\Programs\Python\Python36-32;C:\Program Files (x86)\Windows Kits\8.1\Windows Performance Toolkit\;C:\Users\marina.andric\AppData\Local\Programs\Python\Python36\Lib\site-packages\jep;C:\Program Files\PostgreSQL\9.6\bin;C:\Program Files (x86)\Graphviz2.38\bin;C:\Users\marina.andric\AppData\Local\Programs\Python\Python36\Scripts\;C:\Users\marina.andric\AppData\Local\Programs\Python\Python36\;C:\Users\marina.andric\AppData\Local\Microsoft\WindowsApps;C:\Users\marina.andric\AppData\Local\GitHubDesktop\bin;C:\Program Files\eclipse-jee-oxygen-1-win32-x86_64\eclipse;;C:\Users\marina.andric\AppData\Local\Programs\Python\Python36\lib\site-packages\scipy\extra-dll
USERNAME=Marina.Andric
OS=Windows_NT
PROCESSOR_IDENTIFIER=Intel64 Family 6 Model 142 Stepping 9, GenuineIntel



---------------  S Y S T E M  ---------------

OS: Windows 10.0 , 64 bit Build 16299 (10.0.16299.15)

CPU:total 4 (initial active 4) (2 cores per cpu, 2 threads per core) family 6 model 142 stepping 9, cmov, cx8, fxsr, mmx, sse, sse2, sse3, ssse3, sse4.1, sse4.2, popcnt, avx, avx2, aes, clmul, erms, 3dnowpref, lzcnt, ht, tsc, tscinvbit, bmi1, bmi2, adx

Memory: 4k page, physical 20861528k(11611800k free), swap 24007256k(11172896k free)

vm_info: Java HotSpot(TM) 64-Bit Server VM (25.152-b16) for windows-amd64 JRE (1.8.0_152-b16), built on Sep 14 2017 02:29:36 by "java_re" with MS VC++ 10.0 (VS2010)

time: Fri Mar 02 16:44:48 2018
elapsed time: 28 seconds (0d 0h 0m 28s)

